#! /usr/bin/vvp
:ivl_version "10.3 (stable)";
:ivl_delay_selection "TYPICAL";
:vpi_time_precision + 0;
:vpi_module "system";
:vpi_module "vhdl_sys";
:vpi_module "v2005_math";
:vpi_module "va_math";
S_0x55dfc0a11600 .scope module, "memorys" "memorys" 2 1;
 .timescale 0 0;
S_0x55dfc0a2d4a0 .scope module, "tomasulo_tb" "tomasulo_tb" 3 2;
 .timescale 0 0;
v0x55dfc0b59f10_0 .var "clk1", 0 0;
v0x55dfc0b59fb0_0 .var "clk2", 0 0;
v0x55dfc0b5a070_0 .var/i "clock_cycle", 31 0;
v0x55dfc0b5a140_0 .var/i "i", 31 0;
v0x55dfc0b5a220_0 .var/i "ir", 31 0;
v0x55dfc0b5a300_0 .var "pc", 6 0;
S_0x55dfc0a3b480 .scope module, "tomas" "main" 3 9, 4 2 0, S_0x55dfc0a2d4a0;
 .timescale 0 0;
    .port_info 0 /INPUT 7 "pc"
    .port_info 1 /INPUT 1 "clk1"
    .port_info 2 /INPUT 1 "clk2"
v0x55dfc0b55170 .array "RSadd1", 2 0, 31 0;
v0x55dfc0b55230 .array "RSadd2", 2 0, 31 0;
v0x55dfc0b552f0 .array "RSaddbusy", 2 0, 0 0;
v0x55dfc0b55390 .array "RSadddest", 2 0, 2 0;
v0x55dfc0b55430 .array "RSaddexe", 2 0, 0 0;
v0x55dfc0b55520 .array "RSaddfun3", 2 0, 2 0;
v0x55dfc0b555e0 .array "RSaddfun7", 2 0, 6 0;
v0x55dfc0b556a0 .array "RSaddready1", 2 0, 0 0;
v0x55dfc0b55740 .array "RSaddready2", 2 0, 0 0;
v0x55dfc0b557e0 .array "RSaddtag1", 2 0, 4 0;
v0x55dfc0b558a0 .array "RSaddtag2", 2 0, 4 0;
v0x55dfc0b55960 .array "RSload1", 2 0, 31 0;
v0x55dfc0b55a20 .array "RSloadbusy", 2 0, 0 0;
v0x55dfc0b55ac0 .array "RSloaddest", 2 0, 2 0;
v0x55dfc0b55b80 .array "RSloadexe", 2 0, 0 0;
v0x55dfc0b55c20 .array "RSloadfun3", 2 0, 2 0;
v0x55dfc0b55ce0 .array "RSloadoff", 2 0, 11 0;
v0x55dfc0b55eb0 .array "RSloadready1", 2 0, 0 0;
v0x55dfc0b55f50 .array "RSloadtag1", 2 0, 4 0;
v0x55dfc0b56010 .array "RSmul1", 2 0, 31 0;
v0x55dfc0b560d0 .array "RSmul2", 2 0, 31 0;
v0x55dfc0b56190 .array "RSmulbusy", 2 0, 0 0;
v0x55dfc0b56230 .array "RSmuldest", 2 0, 2 0;
v0x55dfc0b562f0 .array "RSmulexe", 2 0, 0 0;
v0x55dfc0b56390 .array "RSmulfun3", 2 0, 2 0;
v0x55dfc0b56450 .array "RSmulfun7", 2 0, 6 0;
v0x55dfc0b56510 .array "RSmulready1", 2 0, 0 0;
v0x55dfc0b565b0 .array "RSmulready2", 2 0, 0 0;
v0x55dfc0b56650 .array "RSmultag1", 2 0, 4 0;
v0x55dfc0b56710 .array "RSmultag2", 2 0, 4 0;
v0x55dfc0b567d0 .array "Robdata", 7 0, 31 0;
v0x55dfc0b56890 .array "Robdest", 7 0, 4 0;
v0x55dfc0b56950 .array "Robopcode", 7 0, 6 0;
v0x55dfc0b56a10_0 .var/i "add_rs_c", 31 0;
v0x55dfc0b56af0_0 .var "adde1out", 31 0;
v0x55dfc0b56bd0_0 .var "adde2out", 31 0;
v0x55dfc0b56cb0_0 .var "adde3out", 31 0;
v0x55dfc0b56d90 .array "arf", 31 0, 31 0;
v0x55dfc0b56e50_0 .net "clk1", 0 0, v0x55dfc0b59f10_0;  1 drivers
v0x55dfc0b56ef0_0 .net "clk2", 0 0, v0x55dfc0b59fb0_0;  1 drivers
v0x55dfc0b56f90_0 .var/i "cot", 31 0;
v0x55dfc0b57070_0 .var "decode_rd", 4 0;
v0x55dfc0b57130_0 .var "decode_rs1", 4 0;
v0x55dfc0b571d0_0 .var "decode_rs2", 4 0;
v0x55dfc0b57270_0 .var "dis_fun3", 2 0;
v0x55dfc0b57340_0 .var "dis_fun7", 6 0;
v0x55dfc0b57410_0 .var "dis_lw_offset", 11 0;
v0x55dfc0b574e0_0 .var "dis_opcode", 6 0;
v0x55dfc0b575b0_0 .var "dis_rd", 4 0;
v0x55dfc0b57680_0 .var "dis_rob_ind", 2 0;
v0x55dfc0b57750_0 .var "dis_rs1", 4 0;
v0x55dfc0b57820_0 .var "dis_rs2", 4 0;
v0x55dfc0b578f0 .array "exeadd", 2 0, 0 0;
v0x55dfc0b57a20 .array "exeadd1", 2 0, 31 0;
v0x55dfc0b57b50 .array "exeadd2", 2 0, 31 0;
v0x55dfc0b57c80 .array "exeadddest", 2 0, 2 0;
v0x55dfc0b57db0 .array "exeaddfun7", 2 0, 6 0;
v0x55dfc0b57ee0_0 .var "exeload", 0 0;
v0x55dfc0b57fb0_0 .var "exeload1", 31 0;
v0x55dfc0b58080_0 .var "exeloaddest", 2 0;
v0x55dfc0b58150_0 .var "exeloadfun3", 2 0;
v0x55dfc0b581f0_0 .var "exeloadoff", 11 0;
v0x55dfc0b582c0 .array "exemul", 2 0, 0 0;
v0x55dfc0b583f0 .array "exemul1", 2 0, 31 0;
v0x55dfc0b58520 .array "exemul2", 2 0, 31 0;
v0x55dfc0b58a60 .array "exemuldest", 2 0, 2 0;
v0x55dfc0b58b90 .array "exemulfun3", 2 0, 2 0;
v0x55dfc0b58cc0_0 .var "flagd", 0 0;
v0x55dfc0b58d90_0 .var "fun3", 2 0;
v0x55dfc0b58e60_0 .var "fun7", 6 0;
v0x55dfc0b58f30_0 .var "head", 2 0;
v0x55dfc0b58fd0_0 .var/i "i", 31 0;
v0x55dfc0b59070_0 .net "inst", 31 0, v0x55dfc0b54f70_0;  1 drivers
v0x55dfc0b59140_0 .var/i "load_rs_c", 31 0;
v0x55dfc0b591e0_0 .var "loade1out", 31 0;
v0x55dfc0b59280_0 .var "lw_offset", 11 0;
v0x55dfc0b59350 .array "memory", 255 0, 31 0;
v0x55dfc0b593f0_0 .var/i "mul_rs_c", 31 0;
v0x55dfc0b59490_0 .var "mule1out", 31 0;
v0x55dfc0b59530_0 .var "mule2out", 31 0;
v0x55dfc0b59610_0 .var "mule3out", 31 0;
v0x55dfc0b596f0_0 .var "opcode", 6 0;
v0x55dfc0b597e0_0 .net "pc", 6 0, v0x55dfc0b5a300_0;  1 drivers
v0x55dfc0b598a0_0 .var "pc1", 6 0;
v0x55dfc0b59980_0 .var "pcreg", 6 0;
v0x55dfc0b59a70_0 .var "rbc", 0 0;
v0x55dfc0b59b10 .array "rrf", 31 0, 2 0;
v0x55dfc0b59bd0 .array "status_rob_place", 7 0, 0 0;
v0x55dfc0b59c70 .array "status_rob_value", 7 0, 0 0;
v0x55dfc0b59d10 .array "tag", 31 0, 0 0;
v0x55dfc0b59db0_0 .var "tail", 2 0;
E_0x55dfc0a32da0 .event negedge, v0x55dfc0b01e40_0;
E_0x55dfc0a334b0 .event edge, v0x55dfc0b54f70_0;
S_0x55dfc0a3b600 .scope task, "WB" "WB" 4 135, 4 135 0, S_0x55dfc0a3b480;
 .timescale 0 0;
TD_tomasulo_tb.tomas.WB ;
    %load/vec4 v0x55dfc0b59a70_0;
    %pad/u 5;
    %ix/vec4 4;
    %load/vec4a v0x55dfc0b59c70, 4;
    %pad/u 32;
    %pushi/vec4 1, 0, 32;
    %cmp/e;
    %flag_get/vec4 4;
    %load/vec4 v0x55dfc0b59a70_0;
    %pad/u 32;
    %cmpi/u 8, 0, 32;
    %flag_get/vec4 5;
    %and;
    %flag_set/vec4 8;
    %jmp/0xz  T_0.0, 8;
    %load/vec4 v0x55dfc0b59a70_0;
    %pad/u 5;
    %ix/vec4 4;
    %load/vec4a v0x55dfc0b567d0, 4;
    %load/vec4 v0x55dfc0b59a70_0;
    %pad/u 5;
    %ix/vec4 5;
    %load/vec4a v0x55dfc0b56890, 5;
    %pad/u 7;
    %ix/vec4 4;
    %store/vec4a v0x55dfc0b56d90, 4, 0;
    %pushi/vec4 0, 0, 1;
    %load/vec4 v0x55dfc0b59a70_0;
    %pad/u 5;
    %ix/vec4 5;
    %load/vec4a v0x55dfc0b56890, 5;
    %pad/u 7;
    %ix/vec4 4;
    %store/vec4a v0x55dfc0b59d10, 4, 0;
    %pushi/vec4 0, 0, 1;
    %load/vec4 v0x55dfc0b59a70_0;
    %pad/u 5;
    %ix/vec4 4;
    %store/vec4a v0x55dfc0b59bd0, 4, 0;
    %load/vec4 v0x55dfc0b59a70_0;
    %pad/u 2;
    %addi 1, 0, 2;
    %pad/u 1;
    %store/vec4 v0x55dfc0b59a70_0, 0, 1;
T_0.0 ;
    %end;
S_0x55dfc0a44ff0 .scope module, "d1" "dispatch" 4 204, 5 1 0, S_0x55dfc0a3b480;
 .timescale 0 0;
    .port_info 0 /INPUT 7 "opcode"
    .port_info 1 /INPUT 7 "fun7"
    .port_info 2 /INPUT 3 "fun3"
    .port_info 3 /INPUT 5 "decode_rs1"
    .port_info 4 /INPUT 5 "decode_rs2"
    .port_info 5 /INPUT 5 "decode_rd"
    .port_info 6 /INPUT 12 "lw_offset"
    .port_info 7 /INPUT 1 "clk1"
    .port_info 8 /INPUT 1 "clk2"
v0x55dfc0b54140_0 .net "clk1", 0 0, v0x55dfc0b59f10_0;  alias, 1 drivers
v0x55dfc0b54310_0 .net "clk2", 0 0, v0x55dfc0b59fb0_0;  alias, 1 drivers
v0x55dfc0b544e0_0 .net "decode_rd", 4 0, v0x55dfc0b57070_0;  1 drivers
v0x55dfc0b54580_0 .net "decode_rs1", 4 0, v0x55dfc0b57130_0;  1 drivers
v0x55dfc0b54660_0 .net "decode_rs2", 4 0, v0x55dfc0b571d0_0;  1 drivers
v0x55dfc0b54740_0 .net "fun3", 2 0, v0x55dfc0b58d90_0;  1 drivers
v0x55dfc0b54820_0 .net "fun7", 6 0, v0x55dfc0b58e60_0;  1 drivers
v0x55dfc0b54900_0 .net "lw_offset", 11 0, v0x55dfc0b59280_0;  1 drivers
v0x55dfc0b549e0_0 .net "opcode", 6 0, v0x55dfc0b596f0_0;  1 drivers
S_0x55dfc0a45210 .scope module, "r1" "reservation" 5 72, 6 1 0, S_0x55dfc0a44ff0;
 .timescale 0 0;
    .port_info 0 /INPUT 5 "dis_rs1"
    .port_info 1 /INPUT 5 "dis_rs2"
    .port_info 2 /INPUT 5 "dis_rd"
    .port_info 3 /INPUT 7 "dis_opcode"
    .port_info 4 /INPUT 7 "dis_fun7"
    .port_info 5 /INPUT 3 "dis_fun3"
    .port_info 6 /INPUT 12 "dis_lw_offset"
    .port_info 7 /INPUT 3 "dis_rob_ind"
    .port_info 8 /INPUT 1 "flagd"
    .port_info 9 /INPUT 1 "clk1"
    .port_info 10 /INPUT 1 "clk2"
v0x55dfc0b53030_0 .var/i "a", 31 0;
v0x55dfc0b53130_0 .var/i "aa", 31 0;
v0x55dfc0b53210_0 .var/i "add_index", 31 0;
v0x55dfc0b532d0_0 .net "clk1", 0 0, v0x55dfc0b59f10_0;  alias, 1 drivers
v0x55dfc0b53370_0 .net "clk2", 0 0, v0x55dfc0b59fb0_0;  alias, 1 drivers
v0x55dfc0b53410_0 .net "dis_fun3", 2 0, v0x55dfc0b57270_0;  1 drivers
v0x55dfc0b534f0_0 .net "dis_fun7", 6 0, v0x55dfc0b57340_0;  1 drivers
v0x55dfc0b535d0_0 .net "dis_lw_offset", 11 0, v0x55dfc0b57410_0;  1 drivers
v0x55dfc0b536b0_0 .net "dis_opcode", 6 0, v0x55dfc0b574e0_0;  1 drivers
v0x55dfc0b53820_0 .net "dis_rd", 4 0, v0x55dfc0b575b0_0;  1 drivers
v0x55dfc0b53900_0 .net "dis_rob_ind", 2 0, v0x55dfc0b57680_0;  1 drivers
v0x55dfc0b539e0_0 .net "dis_rs1", 4 0, v0x55dfc0b57750_0;  1 drivers
v0x55dfc0b53ac0_0 .net "dis_rs2", 4 0, v0x55dfc0b57820_0;  1 drivers
v0x55dfc0b53ba0_0 .net "flagd", 0 0, v0x55dfc0b58cc0_0;  1 drivers
v0x55dfc0b53c60_0 .var/i "load_index", 31 0;
v0x55dfc0b53d40_0 .var/i "mul_index", 31 0;
v0x55dfc0b53e20_0 .var/i "zx", 31 0;
v0x55dfc0b53f00_0 .var/i "zx1", 31 0;
E_0x55dfc0a33600 .event posedge, v0x55dfc0b01e40_0;
S_0x55dfc0a4eb60 .scope module, "exa1" "adder1" 6 275, 7 1 0, S_0x55dfc0a45210;
 .timescale 0 0;
    .port_info 0 /INPUT 32 "data1"
    .port_info 1 /INPUT 32 "data2"
    .port_info 2 /INPUT 3 "des"
    .port_info 3 /INPUT 7 "fun7"
    .port_info 4 /INPUT 1 "fla"
    .port_info 5 /INPUT 1 "clk1"
    .port_info 6 /INPUT 1 "clk2"
v0x55dfc0b15d30_0 .var "busys", 0 0;
v0x55dfc0b084a0_0 .net "clk1", 0 0, v0x55dfc0b59f10_0;  alias, 1 drivers
v0x55dfc0b01e40_0 .net "clk2", 0 0, v0x55dfc0b59fb0_0;  alias, 1 drivers
v0x55dfc0b57a20_0 .array/port v0x55dfc0b57a20, 0;
v0x55dfc0afb5b0_0 .net "data1", 31 0, v0x55dfc0b57a20_0;  1 drivers
v0x55dfc0b57b50_0 .array/port v0x55dfc0b57b50, 0;
v0x55dfc0b0e0f0_0 .net "data2", 31 0, v0x55dfc0b57b50_0;  1 drivers
v0x55dfc0b57c80_0 .array/port v0x55dfc0b57c80, 0;
v0x55dfc0af4da0_0 .net "des", 2 0, v0x55dfc0b57c80_0;  1 drivers
v0x55dfc0b578f0_0 .array/port v0x55dfc0b578f0, 0;
v0x55dfc0aee810_0 .net "fla", 0 0, v0x55dfc0b578f0_0;  1 drivers
v0x55dfc0b57db0_0 .array/port v0x55dfc0b57db0, 0;
v0x55dfc0b4e6b0_0 .net "fun7", 6 0, v0x55dfc0b57db0_0;  1 drivers
v0x55dfc0b4e790_0 .var/i "i1", 31 0;
E_0x55dfc0b39090 .event posedge, v0x55dfc0b084a0_0;
S_0x55dfc0b4e950 .scope module, "exa2" "adder2" 6 276, 8 1 0, S_0x55dfc0a45210;
 .timescale 0 0;
    .port_info 0 /INPUT 32 "data1"
    .port_info 1 /INPUT 32 "data2"
    .port_info 2 /INPUT 3 "des"
    .port_info 3 /INPUT 7 "fun7"
    .port_info 4 /INPUT 1 "fla"
    .port_info 5 /INPUT 1 "clk1"
    .port_info 6 /INPUT 1 "clk2"
v0x55dfc0b4eaf0_0 .var "busys", 0 0;
v0x55dfc0b4ebb0_0 .net "clk1", 0 0, v0x55dfc0b59f10_0;  alias, 1 drivers
v0x55dfc0b4ec70_0 .net "clk2", 0 0, v0x55dfc0b59fb0_0;  alias, 1 drivers
v0x55dfc0b57a20_1 .array/port v0x55dfc0b57a20, 1;
v0x55dfc0b4ed10_0 .net "data1", 31 0, v0x55dfc0b57a20_1;  1 drivers
v0x55dfc0b57b50_1 .array/port v0x55dfc0b57b50, 1;
v0x55dfc0b4edb0_0 .net "data2", 31 0, v0x55dfc0b57b50_1;  1 drivers
v0x55dfc0b57c80_1 .array/port v0x55dfc0b57c80, 1;
v0x55dfc0b4eea0_0 .net "des", 2 0, v0x55dfc0b57c80_1;  1 drivers
v0x55dfc0b578f0_1 .array/port v0x55dfc0b578f0, 1;
v0x55dfc0b4ef80_0 .net "fla", 0 0, v0x55dfc0b578f0_1;  1 drivers
v0x55dfc0b57db0_1 .array/port v0x55dfc0b57db0, 1;
v0x55dfc0b4f040_0 .net "fun7", 6 0, v0x55dfc0b57db0_1;  1 drivers
v0x55dfc0b4f120_0 .var/i "i1", 31 0;
S_0x55dfc0b4f3b0 .scope module, "exa3" "adder3" 6 277, 9 1 0, S_0x55dfc0a45210;
 .timescale 0 0;
    .port_info 0 /INPUT 32 "data1"
    .port_info 1 /INPUT 32 "data2"
    .port_info 2 /INPUT 3 "des"
    .port_info 3 /INPUT 7 "fun7"
    .port_info 4 /INPUT 1 "fla"
    .port_info 5 /INPUT 1 "clk1"
    .port_info 6 /INPUT 1 "clk2"
v0x55dfc0b4f530_0 .var "busys", 0 0;
v0x55dfc0b4f5f0_0 .net "clk1", 0 0, v0x55dfc0b59f10_0;  alias, 1 drivers
v0x55dfc0b4f700_0 .net "clk2", 0 0, v0x55dfc0b59fb0_0;  alias, 1 drivers
v0x55dfc0b57a20_2 .array/port v0x55dfc0b57a20, 2;
v0x55dfc0b4f7f0_0 .net "data1", 31 0, v0x55dfc0b57a20_2;  1 drivers
v0x55dfc0b57b50_2 .array/port v0x55dfc0b57b50, 2;
v0x55dfc0b4f890_0 .net "data2", 31 0, v0x55dfc0b57b50_2;  1 drivers
v0x55dfc0b57c80_2 .array/port v0x55dfc0b57c80, 2;
v0x55dfc0b4f9c0_0 .net "des", 2 0, v0x55dfc0b57c80_2;  1 drivers
v0x55dfc0b578f0_2 .array/port v0x55dfc0b578f0, 2;
v0x55dfc0b4faa0_0 .net "fla", 0 0, v0x55dfc0b578f0_2;  1 drivers
v0x55dfc0b57db0_2 .array/port v0x55dfc0b57db0, 2;
v0x55dfc0b4fb60_0 .net "fun7", 6 0, v0x55dfc0b57db0_2;  1 drivers
v0x55dfc0b4fc40_0 .var/i "i1", 31 0;
S_0x55dfc0b4fed0 .scope module, "exl1" "loader1" 6 283, 10 1 0, S_0x55dfc0a45210;
 .timescale 0 0;
    .port_info 0 /INPUT 32 "data1"
    .port_info 1 /INPUT 12 "offe"
    .port_info 2 /INPUT 3 "des"
    .port_info 3 /INPUT 1 "fla"
    .port_info 4 /INPUT 1 "clk1"
    .port_info 5 /INPUT 1 "clk2"
v0x55dfc0b500f0_0 .var "busys", 0 0;
v0x55dfc0b501d0_0 .net "clk1", 0 0, v0x55dfc0b59f10_0;  alias, 1 drivers
v0x55dfc0b50290_0 .net "clk2", 0 0, v0x55dfc0b59fb0_0;  alias, 1 drivers
v0x55dfc0b50330_0 .net "data1", 31 0, v0x55dfc0b57fb0_0;  1 drivers
v0x55dfc0b503d0_0 .net "des", 2 0, v0x55dfc0b58080_0;  1 drivers
v0x55dfc0b50500_0 .net "fla", 0 0, v0x55dfc0b57ee0_0;  1 drivers
v0x55dfc0b505c0_0 .var/i "i1", 31 0;
v0x55dfc0b506a0_0 .var/i "i2", 31 0;
v0x55dfc0b50780_0 .var/i "i3", 31 0;
v0x55dfc0b508f0_0 .var/i "i4", 31 0;
v0x55dfc0b509d0_0 .var/i "i5", 31 0;
v0x55dfc0b50ab0_0 .var/i "i6", 31 0;
v0x55dfc0b50b90_0 .net "offe", 11 0, v0x55dfc0b581f0_0;  1 drivers
S_0x55dfc0b50d70 .scope module, "exm1" "multer1" 6 279, 11 1 0, S_0x55dfc0a45210;
 .timescale 0 0;
    .port_info 0 /INPUT 32 "data1"
    .port_info 1 /INPUT 32 "data2"
    .port_info 2 /INPUT 3 "des"
    .port_info 3 /INPUT 3 "fun3"
    .port_info 4 /INPUT 1 "fla"
    .port_info 5 /INPUT 1 "clk1"
    .port_info 6 /INPUT 1 "clk2"
v0x55dfc0b50ff0_0 .var "busys", 0 0;
v0x55dfc0b510d0_0 .net "clk1", 0 0, v0x55dfc0b59f10_0;  alias, 1 drivers
v0x55dfc0b51220_0 .net "clk2", 0 0, v0x55dfc0b59fb0_0;  alias, 1 drivers
v0x55dfc0b583f0_0 .array/port v0x55dfc0b583f0, 0;
v0x55dfc0b51350_0 .net "data1", 31 0, v0x55dfc0b583f0_0;  1 drivers
v0x55dfc0b58520_0 .array/port v0x55dfc0b58520, 0;
v0x55dfc0b513f0_0 .net "data2", 31 0, v0x55dfc0b58520_0;  1 drivers
v0x55dfc0b58a60_0 .array/port v0x55dfc0b58a60, 0;
v0x55dfc0b514d0_0 .net "des", 2 0, v0x55dfc0b58a60_0;  1 drivers
v0x55dfc0b582c0_0 .array/port v0x55dfc0b582c0, 0;
v0x55dfc0b515b0_0 .net "fla", 0 0, v0x55dfc0b582c0_0;  1 drivers
v0x55dfc0b58b90_0 .array/port v0x55dfc0b58b90, 0;
v0x55dfc0b51670_0 .net "fun3", 2 0, v0x55dfc0b58b90_0;  1 drivers
v0x55dfc0b51750_0 .var/i "i1", 31 0;
S_0x55dfc0b519e0 .scope module, "exm2" "multer2" 6 280, 12 1 0, S_0x55dfc0a45210;
 .timescale 0 0;
    .port_info 0 /INPUT 32 "data1"
    .port_info 1 /INPUT 32 "data2"
    .port_info 2 /INPUT 3 "des"
    .port_info 3 /INPUT 3 "fun3"
    .port_info 4 /INPUT 1 "fla"
    .port_info 5 /INPUT 1 "clk1"
    .port_info 6 /INPUT 1 "clk2"
v0x55dfc0b51c10_0 .var "busys", 0 0;
v0x55dfc0b51cf0_0 .net "clk1", 0 0, v0x55dfc0b59f10_0;  alias, 1 drivers
v0x55dfc0b51db0_0 .net "clk2", 0 0, v0x55dfc0b59fb0_0;  alias, 1 drivers
v0x55dfc0b583f0_1 .array/port v0x55dfc0b583f0, 1;
v0x55dfc0b51e50_0 .net "data1", 31 0, v0x55dfc0b583f0_1;  1 drivers
v0x55dfc0b58520_1 .array/port v0x55dfc0b58520, 1;
v0x55dfc0b51ef0_0 .net "data2", 31 0, v0x55dfc0b58520_1;  1 drivers
v0x55dfc0b58a60_1 .array/port v0x55dfc0b58a60, 1;
v0x55dfc0b51fd0_0 .net "des", 2 0, v0x55dfc0b58a60_1;  1 drivers
v0x55dfc0b582c0_1 .array/port v0x55dfc0b582c0, 1;
v0x55dfc0b520b0_0 .net "fla", 0 0, v0x55dfc0b582c0_1;  1 drivers
v0x55dfc0b58b90_1 .array/port v0x55dfc0b58b90, 1;
v0x55dfc0b52170_0 .net "fun3", 2 0, v0x55dfc0b58b90_1;  1 drivers
v0x55dfc0b52250_0 .var/i "i1", 31 0;
S_0x55dfc0b524e0 .scope module, "exm3" "multer3" 6 281, 13 1 0, S_0x55dfc0a45210;
 .timescale 0 0;
    .port_info 0 /INPUT 32 "data1"
    .port_info 1 /INPUT 32 "data2"
    .port_info 2 /INPUT 3 "des"
    .port_info 3 /INPUT 3 "fun3"
    .port_info 4 /INPUT 1 "fla"
    .port_info 5 /INPUT 1 "clk1"
    .port_info 6 /INPUT 1 "clk2"
v0x55dfc0b52710_0 .var "busys", 0 0;
v0x55dfc0b527f0_0 .net "clk1", 0 0, v0x55dfc0b59f10_0;  alias, 1 drivers
v0x55dfc0b528b0_0 .net "clk2", 0 0, v0x55dfc0b59fb0_0;  alias, 1 drivers
v0x55dfc0b583f0_2 .array/port v0x55dfc0b583f0, 2;
v0x55dfc0b52950_0 .net "data1", 31 0, v0x55dfc0b583f0_2;  1 drivers
v0x55dfc0b58520_2 .array/port v0x55dfc0b58520, 2;
v0x55dfc0b529f0_0 .net "data2", 31 0, v0x55dfc0b58520_2;  1 drivers
v0x55dfc0b58a60_2 .array/port v0x55dfc0b58a60, 2;
v0x55dfc0b52b20_0 .net "des", 2 0, v0x55dfc0b58a60_2;  1 drivers
v0x55dfc0b582c0_2 .array/port v0x55dfc0b582c0, 2;
v0x55dfc0b52c00_0 .net "fla", 0 0, v0x55dfc0b582c0_2;  1 drivers
v0x55dfc0b58b90_2 .array/port v0x55dfc0b58b90, 2;
v0x55dfc0b52cc0_0 .net "fun3", 2 0, v0x55dfc0b58b90_2;  1 drivers
v0x55dfc0b52da0_0 .var/i "i1", 31 0;
S_0x55dfc0b54be0 .scope module, "k1" "fetch" 4 187, 14 2 0, S_0x55dfc0a3b480;
 .timescale 0 0;
    .port_info 0 /INPUT 7 "PC"
    .port_info 1 /INPUT 1 "clk1"
    .port_info 2 /OUTPUT 32 "inst_out"
v0x55dfc0b54db0_0 .net "PC", 6 0, v0x55dfc0b59980_0;  1 drivers
v0x55dfc0b54eb0_0 .net "clk1", 0 0, v0x55dfc0b59f10_0;  alias, 1 drivers
v0x55dfc0b54f70_0 .var "inst_out", 31 0;
v0x55dfc0b55010_0 .var/i "pc", 31 0;
    .scope S_0x55dfc0b54be0;
T_1 ;
    %pushi/vec4 74115, 0, 32;
    %ix/load 4, 0, 0;
    %flag_set/imm 4, 0;
    %store/vec4a v0x55dfc0b59350, 4, 0;
    %pushi/vec4 37851491, 0, 32;
    %ix/load 4, 1, 0;
    %flag_set/imm 4, 0;
    %store/vec4a v0x55dfc0b59350, 4, 0;
    %pushi/vec4 40009955, 0, 32;
    %ix/load 4, 2, 0;
    %flag_set/imm 4, 0;
    %store/vec4a v0x55dfc0b59350, 4, 0;
    %pushi/vec4 8618419, 0, 32;
    %ix/load 4, 3, 0;
    %flag_set/imm 4, 0;
    %store/vec4a v0x55dfc0b59350, 4, 0;
    %pushi/vec4 36734179, 0, 32;
    %ix/load 4, 4, 0;
    %flag_set/imm 4, 0;
    %store/vec4a v0x55dfc0b59350, 4, 0;
    %pushi/vec4 1079280179, 0, 32;
    %ix/load 4, 5, 0;
    %flag_set/imm 4, 0;
    %store/vec4a v0x55dfc0b59350, 4, 0;
    %pushi/vec4 2228403, 0, 32;
    %ix/load 4, 6, 0;
    %flag_set/imm 4, 0;
    %store/vec4a v0x55dfc0b59350, 4, 0;
    %pushi/vec4 20, 0, 32;
    %ix/load 4, 16, 0;
    %flag_set/imm 4, 0;
    %store/vec4a v0x55dfc0b59350, 4, 0;
    %end;
    .thread T_1;
    .scope S_0x55dfc0b54be0;
T_2 ;
    %wait E_0x55dfc0b39090;
    %load/vec4 v0x55dfc0b54db0_0;
    %pad/u 32;
    %store/vec4 v0x55dfc0b55010_0, 0, 32;
    %load/vec4 v0x55dfc0b55010_0;
    %cmpi/s 7, 0, 32;
    %jmp/0xz  T_2.0, 5;
    %ix/getv/s 4, v0x55dfc0b55010_0;
    %load/vec4a v0x55dfc0b59350, 4;
    %store/vec4 v0x55dfc0b54f70_0, 0, 32;
    %jmp T_2.1;
T_2.0 ;
    %pushi/vec4 0, 0, 32;
    %store/vec4 v0x55dfc0b54f70_0, 0, 32;
T_2.1 ;
    %jmp T_2;
    .thread T_2;
    .scope S_0x55dfc0a4eb60;
T_3 ;
    %wait E_0x55dfc0b39090;
    %load/vec4 v0x55dfc0aee810_0;
    %pad/u 32;
    %cmpi/e 1, 0, 32;
    %jmp/0xz  T_3.0, 4;
    %pushi/vec4 1, 0, 1;
    %store/vec4 v0x55dfc0b15d30_0, 0, 1;
    %load/vec4 v0x55dfc0b4e6b0_0;
    %pad/u 32;
    %cmpi/e 0, 0, 32;
    %jmp/0xz  T_3.2, 4;
    %load/vec4 v0x55dfc0afb5b0_0;
    %load/vec4 v0x55dfc0b0e0f0_0;
    %add;
    %assign/vec4 v0x55dfc0b56af0_0, 40;
    %pushi/vec4 0, 0, 1;
    %assign/vec4 v0x55dfc0b15d30_0, 41;
    %pushi/vec4 0, 0, 1;
    %ix/load 3, 0, 0;
    %flag_set/imm 4, 0;
    %ix/load 4, 40, 0; Constant delay
    %assign/vec4/a/d v0x55dfc0b578f0, 0, 4;
    %delay 42, 0;
T_3.2 ;
    %load/vec4 v0x55dfc0b4e6b0_0;
    %cmpi/e 32, 0, 7;
    %jmp/0xz  T_3.4, 4;
    %load/vec4 v0x55dfc0afb5b0_0;
    %load/vec4 v0x55dfc0b0e0f0_0;
    %sub;
    %assign/vec4 v0x55dfc0b56af0_0, 40;
    %pushi/vec4 0, 0, 1;
    %assign/vec4 v0x55dfc0b15d30_0, 41;
    %pushi/vec4 0, 0, 1;
    %ix/load 3, 0, 0;
    %flag_set/imm 4, 0;
    %ix/load 4, 40, 0; Constant delay
    %assign/vec4/a/d v0x55dfc0b578f0, 0, 4;
    %delay 42, 0;
T_3.4 ;
T_3.0 ;
    %load/vec4 v0x55dfc0b15d30_0;
    %pad/u 32;
    %cmpi/e 0, 0, 32;
    %jmp/0xz  T_3.6, 4;
    %vpi_call 7 34 "$display", "\012 adder %d :", 32'sb00000000000000000000000000000000 {0 0 0};
    %vpi_call 7 35 "$display", "data1 = %b, data2 = %b, fun7 = %b, des= %b,output = %b\012", v0x55dfc0afb5b0_0, v0x55dfc0b0e0f0_0, v0x55dfc0b4e6b0_0, v0x55dfc0af4da0_0, v0x55dfc0b56af0_0 {0 0 0};
    %pushi/vec4 0, 0, 32;
    %store/vec4 v0x55dfc0b4e790_0, 0, 32;
T_3.8 ;
    %load/vec4 v0x55dfc0b4e790_0;
    %cmpi/s 3, 0, 32;
    %jmp/0xz T_3.9, 5;
    %ix/getv/s 4, v0x55dfc0b4e790_0;
    %load/vec4a v0x55dfc0b556a0, 4;
    %pad/u 32;
    %pushi/vec4 0, 0, 32;
    %cmp/e;
    %flag_get/vec4 4;
    %ix/getv/s 4, v0x55dfc0b4e790_0;
    %load/vec4a v0x55dfc0b557e0, 4;
    %load/vec4 v0x55dfc0af4da0_0;
    %pad/u 5;
    %cmp/e;
    %flag_get/vec4 4;
    %and;
    %flag_set/vec4 8;
    %jmp/0xz  T_3.10, 8;
    %load/vec4 v0x55dfc0b56af0_0;
    %ix/getv/s 3, v0x55dfc0b4e790_0;
    %ix/load 4, 0, 0; Constant delay
    %assign/vec4/a/d v0x55dfc0b55170, 0, 4;
    %pushi/vec4 1, 0, 1;
    %ix/getv/s 3, v0x55dfc0b4e790_0;
    %ix/load 4, 0, 0; Constant delay
    %assign/vec4/a/d v0x55dfc0b556a0, 0, 4;
T_3.10 ;
    %ix/getv/s 4, v0x55dfc0b4e790_0;
    %load/vec4a v0x55dfc0b55740, 4;
    %pad/u 32;
    %pushi/vec4 0, 0, 32;
    %cmp/e;
    %flag_get/vec4 4;
    %ix/getv/s 4, v0x55dfc0b4e790_0;
    %load/vec4a v0x55dfc0b558a0, 4;
    %load/vec4 v0x55dfc0af4da0_0;
    %pad/u 5;
    %cmp/e;
    %flag_get/vec4 4;
    %and;
    %flag_set/vec4 8;
    %jmp/0xz  T_3.12, 8;
    %load/vec4 v0x55dfc0b56af0_0;
    %ix/getv/s 3, v0x55dfc0b4e790_0;
    %ix/load 4, 0, 0; Constant delay
    %assign/vec4/a/d v0x55dfc0b55230, 0, 4;
    %pushi/vec4 1, 0, 1;
    %ix/getv/s 3, v0x55dfc0b4e790_0;
    %ix/load 4, 0, 0; Constant delay
    %assign/vec4/a/d v0x55dfc0b55740, 0, 4;
T_3.12 ;
    %ix/getv/s 4, v0x55dfc0b4e790_0;
    %load/vec4a v0x55dfc0b56510, 4;
    %pad/u 32;
    %pushi/vec4 0, 0, 32;
    %cmp/e;
    %flag_get/vec4 4;
    %ix/getv/s 4, v0x55dfc0b4e790_0;
    %load/vec4a v0x55dfc0b56650, 4;
    %load/vec4 v0x55dfc0af4da0_0;
    %pad/u 5;
    %cmp/e;
    %flag_get/vec4 4;
    %and;
    %flag_set/vec4 8;
    %jmp/0xz  T_3.14, 8;
    %load/vec4 v0x55dfc0b56af0_0;
    %ix/getv/s 3, v0x55dfc0b4e790_0;
    %ix/load 4, 0, 0; Constant delay
    %assign/vec4/a/d v0x55dfc0b56010, 0, 4;
    %pushi/vec4 1, 0, 1;
    %ix/getv/s 3, v0x55dfc0b4e790_0;
    %ix/load 4, 0, 0; Constant delay
    %assign/vec4/a/d v0x55dfc0b56510, 0, 4;
T_3.14 ;
    %ix/getv/s 4, v0x55dfc0b4e790_0;
    %load/vec4a v0x55dfc0b565b0, 4;
    %pad/u 32;
    %pushi/vec4 0, 0, 32;
    %cmp/e;
    %flag_get/vec4 4;
    %ix/getv/s 4, v0x55dfc0b4e790_0;
    %load/vec4a v0x55dfc0b56710, 4;
    %load/vec4 v0x55dfc0af4da0_0;
    %pad/u 5;
    %cmp/e;
    %flag_get/vec4 4;
    %and;
    %flag_set/vec4 8;
    %jmp/0xz  T_3.16, 8;
    %load/vec4 v0x55dfc0b56af0_0;
    %ix/getv/s 3, v0x55dfc0b4e790_0;
    %ix/load 4, 0, 0; Constant delay
    %assign/vec4/a/d v0x55dfc0b560d0, 0, 4;
    %pushi/vec4 1, 0, 1;
    %ix/getv/s 3, v0x55dfc0b4e790_0;
    %ix/load 4, 0, 0; Constant delay
    %assign/vec4/a/d v0x55dfc0b565b0, 0, 4;
T_3.16 ;
    %load/vec4 v0x55dfc0b4e790_0;
    %pushi/vec4 1, 0, 32;
    %add;
    %store/vec4 v0x55dfc0b4e790_0, 0, 32;
    %jmp T_3.8;
T_3.9 ;
    %load/vec4 v0x55dfc0b56af0_0;
    %load/vec4 v0x55dfc0af4da0_0;
    %pad/u 5;
    %ix/vec4 4;
    %store/vec4a v0x55dfc0b567d0, 4, 0;
    %pushi/vec4 1, 0, 1;
    %load/vec4 v0x55dfc0af4da0_0;
    %pad/u 5;
    %ix/vec4 4;
    %store/vec4a v0x55dfc0b59c70, 4, 0;
    %pushi/vec4 1, 0, 1;
    %store/vec4 v0x55dfc0b15d30_0, 0, 1;
    %load/vec4 v0x55dfc0b56a10_0;
    %subi 1, 0, 32;
    %store/vec4 v0x55dfc0b56a10_0, 0, 32;
T_3.6 ;
    %jmp T_3;
    .thread T_3;
    .scope S_0x55dfc0b4e950;
T_4 ;
    %wait E_0x55dfc0b39090;
    %load/vec4 v0x55dfc0b4ef80_0;
    %pad/u 32;
    %cmpi/e 1, 0, 32;
    %jmp/0xz  T_4.0, 4;
    %pushi/vec4 1, 0, 1;
    %store/vec4 v0x55dfc0b4eaf0_0, 0, 1;
    %load/vec4 v0x55dfc0b4f040_0;
    %pad/u 32;
    %cmpi/e 0, 0, 32;
    %jmp/0xz  T_4.2, 4;
    %load/vec4 v0x55dfc0b4ed10_0;
    %load/vec4 v0x55dfc0b4edb0_0;
    %add;
    %assign/vec4 v0x55dfc0b56bd0_0, 40;
    %pushi/vec4 0, 0, 1;
    %assign/vec4 v0x55dfc0b4eaf0_0, 41;
    %pushi/vec4 0, 0, 1;
    %ix/load 3, 1, 0;
    %flag_set/imm 4, 0;
    %ix/load 4, 40, 0; Constant delay
    %assign/vec4/a/d v0x55dfc0b578f0, 0, 4;
    %delay 42, 0;
T_4.2 ;
    %load/vec4 v0x55dfc0b4f040_0;
    %cmpi/e 32, 0, 7;
    %jmp/0xz  T_4.4, 4;
    %load/vec4 v0x55dfc0b4ed10_0;
    %load/vec4 v0x55dfc0b4edb0_0;
    %sub;
    %assign/vec4 v0x55dfc0b56bd0_0, 40;
    %pushi/vec4 0, 0, 1;
    %assign/vec4 v0x55dfc0b4eaf0_0, 41;
    %pushi/vec4 0, 0, 1;
    %ix/load 3, 1, 0;
    %flag_set/imm 4, 0;
    %ix/load 4, 40, 0; Constant delay
    %assign/vec4/a/d v0x55dfc0b578f0, 0, 4;
    %delay 42, 0;
T_4.4 ;
T_4.0 ;
    %load/vec4 v0x55dfc0b4eaf0_0;
    %pad/u 32;
    %cmpi/e 0, 0, 32;
    %jmp/0xz  T_4.6, 4;
    %vpi_call 8 34 "$display", "\012 adder %d :", 32'sb00000000000000000000000000000001 {0 0 0};
    %vpi_call 8 35 "$display", "data1 = %b, data2 = %b, fun7 = %b, des= %b,output = %b\012", v0x55dfc0b4ed10_0, v0x55dfc0b4edb0_0, v0x55dfc0b4f040_0, v0x55dfc0b4eea0_0, v0x55dfc0b56bd0_0 {0 0 0};
    %pushi/vec4 0, 0, 32;
    %store/vec4 v0x55dfc0b4f120_0, 0, 32;
T_4.8 ;
    %load/vec4 v0x55dfc0b4f120_0;
    %cmpi/s 3, 0, 32;
    %jmp/0xz T_4.9, 5;
    %ix/getv/s 4, v0x55dfc0b4f120_0;
    %load/vec4a v0x55dfc0b556a0, 4;
    %pad/u 32;
    %pushi/vec4 0, 0, 32;
    %cmp/e;
    %flag_get/vec4 4;
    %ix/getv/s 4, v0x55dfc0b4f120_0;
    %load/vec4a v0x55dfc0b557e0, 4;
    %load/vec4 v0x55dfc0b4eea0_0;
    %pad/u 5;
    %cmp/e;
    %flag_get/vec4 4;
    %and;
    %flag_set/vec4 8;
    %jmp/0xz  T_4.10, 8;
    %load/vec4 v0x55dfc0b56bd0_0;
    %ix/getv/s 3, v0x55dfc0b4f120_0;
    %ix/load 4, 0, 0; Constant delay
    %assign/vec4/a/d v0x55dfc0b55170, 0, 4;
    %pushi/vec4 1, 0, 1;
    %ix/getv/s 3, v0x55dfc0b4f120_0;
    %ix/load 4, 0, 0; Constant delay
    %assign/vec4/a/d v0x55dfc0b556a0, 0, 4;
T_4.10 ;
    %ix/getv/s 4, v0x55dfc0b4f120_0;
    %load/vec4a v0x55dfc0b55740, 4;
    %pad/u 32;
    %pushi/vec4 0, 0, 32;
    %cmp/e;
    %flag_get/vec4 4;
    %ix/getv/s 4, v0x55dfc0b4f120_0;
    %load/vec4a v0x55dfc0b558a0, 4;
    %load/vec4 v0x55dfc0b4eea0_0;
    %pad/u 5;
    %cmp/e;
    %flag_get/vec4 4;
    %and;
    %flag_set/vec4 8;
    %jmp/0xz  T_4.12, 8;
    %load/vec4 v0x55dfc0b56bd0_0;
    %ix/getv/s 3, v0x55dfc0b4f120_0;
    %ix/load 4, 0, 0; Constant delay
    %assign/vec4/a/d v0x55dfc0b55230, 0, 4;
    %pushi/vec4 1, 0, 1;
    %ix/getv/s 3, v0x55dfc0b4f120_0;
    %ix/load 4, 0, 0; Constant delay
    %assign/vec4/a/d v0x55dfc0b55740, 0, 4;
T_4.12 ;
    %ix/getv/s 4, v0x55dfc0b4f120_0;
    %load/vec4a v0x55dfc0b56510, 4;
    %pad/u 32;
    %pushi/vec4 0, 0, 32;
    %cmp/e;
    %flag_get/vec4 4;
    %ix/getv/s 4, v0x55dfc0b4f120_0;
    %load/vec4a v0x55dfc0b56650, 4;
    %load/vec4 v0x55dfc0b4eea0_0;
    %pad/u 5;
    %cmp/e;
    %flag_get/vec4 4;
    %and;
    %flag_set/vec4 8;
    %jmp/0xz  T_4.14, 8;
    %load/vec4 v0x55dfc0b56bd0_0;
    %ix/getv/s 3, v0x55dfc0b4f120_0;
    %ix/load 4, 0, 0; Constant delay
    %assign/vec4/a/d v0x55dfc0b56010, 0, 4;
    %pushi/vec4 1, 0, 1;
    %ix/getv/s 3, v0x55dfc0b4f120_0;
    %ix/load 4, 0, 0; Constant delay
    %assign/vec4/a/d v0x55dfc0b56510, 0, 4;
T_4.14 ;
    %ix/getv/s 4, v0x55dfc0b4f120_0;
    %load/vec4a v0x55dfc0b565b0, 4;
    %pad/u 32;
    %pushi/vec4 0, 0, 32;
    %cmp/e;
    %flag_get/vec4 4;
    %ix/getv/s 4, v0x55dfc0b4f120_0;
    %load/vec4a v0x55dfc0b56710, 4;
    %load/vec4 v0x55dfc0b4eea0_0;
    %pad/u 5;
    %cmp/e;
    %flag_get/vec4 4;
    %and;
    %flag_set/vec4 8;
    %jmp/0xz  T_4.16, 8;
    %load/vec4 v0x55dfc0b56bd0_0;
    %ix/getv/s 3, v0x55dfc0b4f120_0;
    %ix/load 4, 0, 0; Constant delay
    %assign/vec4/a/d v0x55dfc0b560d0, 0, 4;
    %pushi/vec4 1, 0, 1;
    %ix/getv/s 3, v0x55dfc0b4f120_0;
    %ix/load 4, 0, 0; Constant delay
    %assign/vec4/a/d v0x55dfc0b565b0, 0, 4;
T_4.16 ;
    %load/vec4 v0x55dfc0b4f120_0;
    %pushi/vec4 1, 0, 32;
    %add;
    %store/vec4 v0x55dfc0b4f120_0, 0, 32;
    %jmp T_4.8;
T_4.9 ;
    %load/vec4 v0x55dfc0b56bd0_0;
    %load/vec4 v0x55dfc0b4eea0_0;
    %pad/u 5;
    %ix/vec4 4;
    %store/vec4a v0x55dfc0b567d0, 4, 0;
    %pushi/vec4 1, 0, 1;
    %load/vec4 v0x55dfc0b4eea0_0;
    %pad/u 5;
    %ix/vec4 4;
    %store/vec4a v0x55dfc0b59c70, 4, 0;
    %pushi/vec4 1, 0, 1;
    %store/vec4 v0x55dfc0b4eaf0_0, 0, 1;
    %load/vec4 v0x55dfc0b56a10_0;
    %subi 1, 0, 32;
    %store/vec4 v0x55dfc0b56a10_0, 0, 32;
T_4.6 ;
    %jmp T_4;
    .thread T_4;
    .scope S_0x55dfc0b4f3b0;
T_5 ;
    %wait E_0x55dfc0b39090;
    %load/vec4 v0x55dfc0b4faa0_0;
    %pad/u 32;
    %cmpi/e 1, 0, 32;
    %jmp/0xz  T_5.0, 4;
    %pushi/vec4 1, 0, 1;
    %store/vec4 v0x55dfc0b4f530_0, 0, 1;
    %load/vec4 v0x55dfc0b4fb60_0;
    %pad/u 32;
    %cmpi/e 0, 0, 32;
    %jmp/0xz  T_5.2, 4;
    %load/vec4 v0x55dfc0b4f7f0_0;
    %load/vec4 v0x55dfc0b4f890_0;
    %add;
    %assign/vec4 v0x55dfc0b56cb0_0, 40;
    %pushi/vec4 0, 0, 1;
    %assign/vec4 v0x55dfc0b4f530_0, 41;
    %pushi/vec4 0, 0, 1;
    %ix/load 3, 2, 0;
    %flag_set/imm 4, 0;
    %ix/load 4, 40, 0; Constant delay
    %assign/vec4/a/d v0x55dfc0b578f0, 0, 4;
    %delay 42, 0;
T_5.2 ;
    %load/vec4 v0x55dfc0b4fb60_0;
    %cmpi/e 32, 0, 7;
    %jmp/0xz  T_5.4, 4;
    %load/vec4 v0x55dfc0b4f7f0_0;
    %load/vec4 v0x55dfc0b4f890_0;
    %sub;
    %assign/vec4 v0x55dfc0b56cb0_0, 40;
    %pushi/vec4 0, 0, 1;
    %assign/vec4 v0x55dfc0b4f530_0, 41;
    %pushi/vec4 0, 0, 1;
    %ix/load 3, 2, 0;
    %flag_set/imm 4, 0;
    %ix/load 4, 40, 0; Constant delay
    %assign/vec4/a/d v0x55dfc0b578f0, 0, 4;
    %delay 42, 0;
T_5.4 ;
T_5.0 ;
    %load/vec4 v0x55dfc0b4f530_0;
    %pad/u 32;
    %cmpi/e 0, 0, 32;
    %jmp/0xz  T_5.6, 4;
    %vpi_call 9 34 "$display", "\012 adder %d :", 32'sb00000000000000000000000000000010 {0 0 0};
    %vpi_call 9 35 "$display", "data1 = %b, data2 = %b, fun7 = %b, des= %b,output = %b\012", v0x55dfc0b4f7f0_0, v0x55dfc0b4f890_0, v0x55dfc0b4fb60_0, v0x55dfc0b4f9c0_0, v0x55dfc0b56cb0_0 {0 0 0};
    %pushi/vec4 0, 0, 32;
    %store/vec4 v0x55dfc0b4fc40_0, 0, 32;
T_5.8 ;
    %load/vec4 v0x55dfc0b4fc40_0;
    %cmpi/s 3, 0, 32;
    %jmp/0xz T_5.9, 5;
    %ix/getv/s 4, v0x55dfc0b4fc40_0;
    %load/vec4a v0x55dfc0b556a0, 4;
    %pad/u 32;
    %pushi/vec4 0, 0, 32;
    %cmp/e;
    %flag_get/vec4 4;
    %ix/getv/s 4, v0x55dfc0b4fc40_0;
    %load/vec4a v0x55dfc0b557e0, 4;
    %load/vec4 v0x55dfc0b4f9c0_0;
    %pad/u 5;
    %cmp/e;
    %flag_get/vec4 4;
    %and;
    %flag_set/vec4 8;
    %jmp/0xz  T_5.10, 8;
    %load/vec4 v0x55dfc0b56cb0_0;
    %ix/getv/s 3, v0x55dfc0b4fc40_0;
    %ix/load 4, 0, 0; Constant delay
    %assign/vec4/a/d v0x55dfc0b55170, 0, 4;
    %pushi/vec4 1, 0, 1;
    %ix/getv/s 3, v0x55dfc0b4fc40_0;
    %ix/load 4, 0, 0; Constant delay
    %assign/vec4/a/d v0x55dfc0b556a0, 0, 4;
T_5.10 ;
    %ix/getv/s 4, v0x55dfc0b4fc40_0;
    %load/vec4a v0x55dfc0b55740, 4;
    %pad/u 32;
    %pushi/vec4 0, 0, 32;
    %cmp/e;
    %flag_get/vec4 4;
    %ix/getv/s 4, v0x55dfc0b4fc40_0;
    %load/vec4a v0x55dfc0b558a0, 4;
    %load/vec4 v0x55dfc0b4f9c0_0;
    %pad/u 5;
    %cmp/e;
    %flag_get/vec4 4;
    %and;
    %flag_set/vec4 8;
    %jmp/0xz  T_5.12, 8;
    %load/vec4 v0x55dfc0b56cb0_0;
    %ix/getv/s 3, v0x55dfc0b4fc40_0;
    %ix/load 4, 0, 0; Constant delay
    %assign/vec4/a/d v0x55dfc0b55230, 0, 4;
    %pushi/vec4 1, 0, 1;
    %ix/getv/s 3, v0x55dfc0b4fc40_0;
    %ix/load 4, 0, 0; Constant delay
    %assign/vec4/a/d v0x55dfc0b55740, 0, 4;
T_5.12 ;
    %ix/getv/s 4, v0x55dfc0b4fc40_0;
    %load/vec4a v0x55dfc0b56510, 4;
    %pad/u 32;
    %pushi/vec4 0, 0, 32;
    %cmp/e;
    %flag_get/vec4 4;
    %ix/getv/s 4, v0x55dfc0b4fc40_0;
    %load/vec4a v0x55dfc0b56650, 4;
    %load/vec4 v0x55dfc0b4f9c0_0;
    %pad/u 5;
    %cmp/e;
    %flag_get/vec4 4;
    %and;
    %flag_set/vec4 8;
    %jmp/0xz  T_5.14, 8;
    %load/vec4 v0x55dfc0b56cb0_0;
    %ix/getv/s 3, v0x55dfc0b4fc40_0;
    %ix/load 4, 0, 0; Constant delay
    %assign/vec4/a/d v0x55dfc0b56010, 0, 4;
    %pushi/vec4 1, 0, 1;
    %ix/getv/s 3, v0x55dfc0b4fc40_0;
    %ix/load 4, 0, 0; Constant delay
    %assign/vec4/a/d v0x55dfc0b56510, 0, 4;
T_5.14 ;
    %ix/getv/s 4, v0x55dfc0b4fc40_0;
    %load/vec4a v0x55dfc0b565b0, 4;
    %pad/u 32;
    %pushi/vec4 0, 0, 32;
    %cmp/e;
    %flag_get/vec4 4;
    %ix/getv/s 4, v0x55dfc0b4fc40_0;
    %load/vec4a v0x55dfc0b56710, 4;
    %load/vec4 v0x55dfc0b4f9c0_0;
    %pad/u 5;
    %cmp/e;
    %flag_get/vec4 4;
    %and;
    %flag_set/vec4 8;
    %jmp/0xz  T_5.16, 8;
    %load/vec4 v0x55dfc0b56cb0_0;
    %ix/getv/s 3, v0x55dfc0b4fc40_0;
    %ix/load 4, 0, 0; Constant delay
    %assign/vec4/a/d v0x55dfc0b560d0, 0, 4;
    %pushi/vec4 1, 0, 1;
    %ix/getv/s 3, v0x55dfc0b4fc40_0;
    %ix/load 4, 0, 0; Constant delay
    %assign/vec4/a/d v0x55dfc0b565b0, 0, 4;
T_5.16 ;
    %load/vec4 v0x55dfc0b4fc40_0;
    %pushi/vec4 1, 0, 32;
    %add;
    %store/vec4 v0x55dfc0b4fc40_0, 0, 32;
    %jmp T_5.8;
T_5.9 ;
    %load/vec4 v0x55dfc0b56cb0_0;
    %load/vec4 v0x55dfc0b4f9c0_0;
    %pad/u 5;
    %ix/vec4 4;
    %store/vec4a v0x55dfc0b567d0, 4, 0;
    %pushi/vec4 1, 0, 1;
    %load/vec4 v0x55dfc0b4f9c0_0;
    %pad/u 5;
    %ix/vec4 4;
    %store/vec4a v0x55dfc0b59c70, 4, 0;
    %pushi/vec4 1, 0, 1;
    %store/vec4 v0x55dfc0b4f530_0, 0, 1;
    %load/vec4 v0x55dfc0b56a10_0;
    %subi 1, 0, 32;
    %store/vec4 v0x55dfc0b56a10_0, 0, 32;
T_5.6 ;
    %jmp T_5;
    .thread T_5;
    .scope S_0x55dfc0b50d70;
T_6 ;
    %wait E_0x55dfc0b39090;
    %load/vec4 v0x55dfc0b515b0_0;
    %pad/u 32;
    %cmpi/e 1, 0, 32;
    %jmp/0xz  T_6.0, 4;
    %pushi/vec4 1, 0, 1;
    %store/vec4 v0x55dfc0b50ff0_0, 0, 1;
    %load/vec4 v0x55dfc0b51670_0;
    %pad/u 32;
    %cmpi/e 1, 0, 32;
    %jmp/0xz  T_6.2, 4;
    %load/vec4 v0x55dfc0b51350_0;
    %load/vec4 v0x55dfc0b513f0_0;
    %div;
    %assign/vec4 v0x55dfc0b59490_0, 1600;
    %pushi/vec4 0, 0, 1;
    %assign/vec4 v0x55dfc0b50ff0_0, 1601;
    %pushi/vec4 0, 0, 1;
    %ix/load 3, 0, 0;
    %flag_set/imm 4, 0;
    %ix/load 4, 1600, 0; Constant delay
    %assign/vec4/a/d v0x55dfc0b582c0, 0, 4;
    %delay 1602, 0;
T_6.2 ;
    %load/vec4 v0x55dfc0b51670_0;
    %pad/u 32;
    %cmpi/e 0, 0, 32;
    %jmp/0xz  T_6.4, 4;
    %load/vec4 v0x55dfc0b51350_0;
    %load/vec4 v0x55dfc0b513f0_0;
    %mul;
    %assign/vec4 v0x55dfc0b59490_0, 400;
    %pushi/vec4 0, 0, 1;
    %assign/vec4 v0x55dfc0b50ff0_0, 401;
    %pushi/vec4 0, 0, 1;
    %ix/load 3, 0, 0;
    %flag_set/imm 4, 0;
    %ix/load 4, 400, 0; Constant delay
    %assign/vec4/a/d v0x55dfc0b582c0, 0, 4;
    %delay 402, 0;
T_6.4 ;
T_6.0 ;
    %load/vec4 v0x55dfc0b50ff0_0;
    %pad/u 32;
    %cmpi/e 0, 0, 32;
    %jmp/0xz  T_6.6, 4;
    %vpi_call 11 34 "$display", "\012 multer %d :", 32'sb00000000000000000000000000000000 {0 0 0};
    %vpi_call 11 35 "$display", "data1 = %b, data2 = %b, fun3 = %b, des= %b,output = %b\012", v0x55dfc0b51350_0, v0x55dfc0b513f0_0, v0x55dfc0b51670_0, v0x55dfc0b514d0_0, v0x55dfc0b59490_0 {0 0 0};
    %pushi/vec4 0, 0, 32;
    %store/vec4 v0x55dfc0b51750_0, 0, 32;
T_6.8 ;
    %load/vec4 v0x55dfc0b51750_0;
    %cmpi/s 3, 0, 32;
    %jmp/0xz T_6.9, 5;
    %ix/getv/s 4, v0x55dfc0b51750_0;
    %load/vec4a v0x55dfc0b556a0, 4;
    %pad/u 32;
    %pushi/vec4 0, 0, 32;
    %cmp/e;
    %flag_get/vec4 4;
    %ix/getv/s 4, v0x55dfc0b51750_0;
    %load/vec4a v0x55dfc0b557e0, 4;
    %load/vec4 v0x55dfc0b514d0_0;
    %pad/u 5;
    %cmp/e;
    %flag_get/vec4 4;
    %and;
    %flag_set/vec4 8;
    %jmp/0xz  T_6.10, 8;
    %load/vec4 v0x55dfc0b59490_0;
    %ix/getv/s 3, v0x55dfc0b51750_0;
    %ix/load 4, 0, 0; Constant delay
    %assign/vec4/a/d v0x55dfc0b55170, 0, 4;
    %pushi/vec4 1, 0, 1;
    %ix/getv/s 3, v0x55dfc0b51750_0;
    %ix/load 4, 0, 0; Constant delay
    %assign/vec4/a/d v0x55dfc0b556a0, 0, 4;
T_6.10 ;
    %ix/getv/s 4, v0x55dfc0b51750_0;
    %load/vec4a v0x55dfc0b55740, 4;
    %pad/u 32;
    %pushi/vec4 0, 0, 32;
    %cmp/e;
    %flag_get/vec4 4;
    %ix/getv/s 4, v0x55dfc0b51750_0;
    %load/vec4a v0x55dfc0b558a0, 4;
    %load/vec4 v0x55dfc0b514d0_0;
    %pad/u 5;
    %cmp/e;
    %flag_get/vec4 4;
    %and;
    %flag_set/vec4 8;
    %jmp/0xz  T_6.12, 8;
    %load/vec4 v0x55dfc0b59490_0;
    %ix/getv/s 3, v0x55dfc0b51750_0;
    %ix/load 4, 0, 0; Constant delay
    %assign/vec4/a/d v0x55dfc0b55230, 0, 4;
    %pushi/vec4 1, 0, 1;
    %ix/getv/s 3, v0x55dfc0b51750_0;
    %ix/load 4, 0, 0; Constant delay
    %assign/vec4/a/d v0x55dfc0b55740, 0, 4;
T_6.12 ;
    %ix/getv/s 4, v0x55dfc0b51750_0;
    %load/vec4a v0x55dfc0b56510, 4;
    %pad/u 32;
    %pushi/vec4 0, 0, 32;
    %cmp/e;
    %flag_get/vec4 4;
    %ix/getv/s 4, v0x55dfc0b51750_0;
    %load/vec4a v0x55dfc0b56650, 4;
    %load/vec4 v0x55dfc0b514d0_0;
    %pad/u 5;
    %cmp/e;
    %flag_get/vec4 4;
    %and;
    %flag_set/vec4 8;
    %jmp/0xz  T_6.14, 8;
    %load/vec4 v0x55dfc0b59490_0;
    %ix/getv/s 3, v0x55dfc0b51750_0;
    %ix/load 4, 0, 0; Constant delay
    %assign/vec4/a/d v0x55dfc0b56010, 0, 4;
    %pushi/vec4 1, 0, 1;
    %ix/getv/s 3, v0x55dfc0b51750_0;
    %ix/load 4, 0, 0; Constant delay
    %assign/vec4/a/d v0x55dfc0b56510, 0, 4;
T_6.14 ;
    %ix/getv/s 4, v0x55dfc0b51750_0;
    %load/vec4a v0x55dfc0b565b0, 4;
    %pad/u 32;
    %pushi/vec4 0, 0, 32;
    %cmp/e;
    %flag_get/vec4 4;
    %ix/getv/s 4, v0x55dfc0b51750_0;
    %load/vec4a v0x55dfc0b56710, 4;
    %load/vec4 v0x55dfc0b514d0_0;
    %pad/u 5;
    %cmp/e;
    %flag_get/vec4 4;
    %and;
    %flag_set/vec4 8;
    %jmp/0xz  T_6.16, 8;
    %load/vec4 v0x55dfc0b59490_0;
    %ix/getv/s 3, v0x55dfc0b51750_0;
    %ix/load 4, 0, 0; Constant delay
    %assign/vec4/a/d v0x55dfc0b560d0, 0, 4;
    %pushi/vec4 1, 0, 1;
    %ix/getv/s 3, v0x55dfc0b51750_0;
    %ix/load 4, 0, 0; Constant delay
    %assign/vec4/a/d v0x55dfc0b565b0, 0, 4;
T_6.16 ;
    %load/vec4 v0x55dfc0b51750_0;
    %pushi/vec4 1, 0, 32;
    %add;
    %store/vec4 v0x55dfc0b51750_0, 0, 32;
    %jmp T_6.8;
T_6.9 ;
    %load/vec4 v0x55dfc0b59490_0;
    %load/vec4 v0x55dfc0b514d0_0;
    %pad/u 5;
    %ix/vec4 4;
    %store/vec4a v0x55dfc0b567d0, 4, 0;
    %pushi/vec4 1, 0, 1;
    %load/vec4 v0x55dfc0b514d0_0;
    %pad/u 5;
    %ix/vec4 4;
    %store/vec4a v0x55dfc0b59c70, 4, 0;
    %pushi/vec4 1, 0, 1;
    %store/vec4 v0x55dfc0b50ff0_0, 0, 1;
    %load/vec4 v0x55dfc0b593f0_0;
    %subi 1, 0, 32;
    %store/vec4 v0x55dfc0b593f0_0, 0, 32;
T_6.6 ;
    %jmp T_6;
    .thread T_6;
    .scope S_0x55dfc0b519e0;
T_7 ;
    %wait E_0x55dfc0b39090;
    %load/vec4 v0x55dfc0b520b0_0;
    %pad/u 32;
    %cmpi/e 1, 0, 32;
    %jmp/0xz  T_7.0, 4;
    %pushi/vec4 1, 0, 1;
    %store/vec4 v0x55dfc0b51c10_0, 0, 1;
    %load/vec4 v0x55dfc0b52170_0;
    %pad/u 32;
    %cmpi/e 1, 0, 32;
    %jmp/0xz  T_7.2, 4;
    %load/vec4 v0x55dfc0b51e50_0;
    %load/vec4 v0x55dfc0b51ef0_0;
    %div;
    %assign/vec4 v0x55dfc0b59530_0, 1600;
    %pushi/vec4 0, 0, 1;
    %assign/vec4 v0x55dfc0b51c10_0, 1601;
    %pushi/vec4 0, 0, 1;
    %ix/load 3, 1, 0;
    %flag_set/imm 4, 0;
    %ix/load 4, 1600, 0; Constant delay
    %assign/vec4/a/d v0x55dfc0b582c0, 0, 4;
    %delay 1602, 0;
T_7.2 ;
    %load/vec4 v0x55dfc0b52170_0;
    %pad/u 32;
    %cmpi/e 0, 0, 32;
    %jmp/0xz  T_7.4, 4;
    %load/vec4 v0x55dfc0b51e50_0;
    %load/vec4 v0x55dfc0b51ef0_0;
    %mul;
    %assign/vec4 v0x55dfc0b59530_0, 400;
    %pushi/vec4 0, 0, 1;
    %assign/vec4 v0x55dfc0b51c10_0, 401;
    %pushi/vec4 0, 0, 1;
    %ix/load 3, 1, 0;
    %flag_set/imm 4, 0;
    %ix/load 4, 400, 0; Constant delay
    %assign/vec4/a/d v0x55dfc0b582c0, 0, 4;
    %delay 402, 0;
T_7.4 ;
T_7.0 ;
    %load/vec4 v0x55dfc0b51c10_0;
    %pad/u 32;
    %cmpi/e 0, 0, 32;
    %jmp/0xz  T_7.6, 4;
    %vpi_call 12 34 "$display", "\012 multer %d :", 32'sb00000000000000000000000000000001 {0 0 0};
    %vpi_call 12 35 "$display", "data1 = %b, data2 = %b, fun3 = %b, des= %b,output = %b\012", v0x55dfc0b51e50_0, v0x55dfc0b51ef0_0, v0x55dfc0b52170_0, v0x55dfc0b51fd0_0, v0x55dfc0b59530_0 {0 0 0};
    %pushi/vec4 0, 0, 32;
    %store/vec4 v0x55dfc0b52250_0, 0, 32;
T_7.8 ;
    %load/vec4 v0x55dfc0b52250_0;
    %cmpi/s 3, 0, 32;
    %jmp/0xz T_7.9, 5;
    %ix/getv/s 4, v0x55dfc0b52250_0;
    %load/vec4a v0x55dfc0b556a0, 4;
    %pad/u 32;
    %pushi/vec4 0, 0, 32;
    %cmp/e;
    %flag_get/vec4 4;
    %ix/getv/s 4, v0x55dfc0b52250_0;
    %load/vec4a v0x55dfc0b557e0, 4;
    %load/vec4 v0x55dfc0b51fd0_0;
    %pad/u 5;
    %cmp/e;
    %flag_get/vec4 4;
    %and;
    %flag_set/vec4 8;
    %jmp/0xz  T_7.10, 8;
    %load/vec4 v0x55dfc0b59530_0;
    %ix/getv/s 3, v0x55dfc0b52250_0;
    %ix/load 4, 0, 0; Constant delay
    %assign/vec4/a/d v0x55dfc0b55170, 0, 4;
    %pushi/vec4 1, 0, 1;
    %ix/getv/s 3, v0x55dfc0b52250_0;
    %ix/load 4, 0, 0; Constant delay
    %assign/vec4/a/d v0x55dfc0b556a0, 0, 4;
T_7.10 ;
    %ix/getv/s 4, v0x55dfc0b52250_0;
    %load/vec4a v0x55dfc0b55740, 4;
    %pad/u 32;
    %pushi/vec4 0, 0, 32;
    %cmp/e;
    %flag_get/vec4 4;
    %ix/getv/s 4, v0x55dfc0b52250_0;
    %load/vec4a v0x55dfc0b558a0, 4;
    %load/vec4 v0x55dfc0b51fd0_0;
    %pad/u 5;
    %cmp/e;
    %flag_get/vec4 4;
    %and;
    %flag_set/vec4 8;
    %jmp/0xz  T_7.12, 8;
    %load/vec4 v0x55dfc0b59530_0;
    %ix/getv/s 3, v0x55dfc0b52250_0;
    %ix/load 4, 0, 0; Constant delay
    %assign/vec4/a/d v0x55dfc0b55230, 0, 4;
    %pushi/vec4 1, 0, 1;
    %ix/getv/s 3, v0x55dfc0b52250_0;
    %ix/load 4, 0, 0; Constant delay
    %assign/vec4/a/d v0x55dfc0b55740, 0, 4;
T_7.12 ;
    %ix/getv/s 4, v0x55dfc0b52250_0;
    %load/vec4a v0x55dfc0b56510, 4;
    %pad/u 32;
    %pushi/vec4 0, 0, 32;
    %cmp/e;
    %flag_get/vec4 4;
    %ix/getv/s 4, v0x55dfc0b52250_0;
    %load/vec4a v0x55dfc0b56650, 4;
    %load/vec4 v0x55dfc0b51fd0_0;
    %pad/u 5;
    %cmp/e;
    %flag_get/vec4 4;
    %and;
    %flag_set/vec4 8;
    %jmp/0xz  T_7.14, 8;
    %load/vec4 v0x55dfc0b59530_0;
    %ix/getv/s 3, v0x55dfc0b52250_0;
    %ix/load 4, 0, 0; Constant delay
    %assign/vec4/a/d v0x55dfc0b56010, 0, 4;
    %pushi/vec4 1, 0, 1;
    %ix/getv/s 3, v0x55dfc0b52250_0;
    %ix/load 4, 0, 0; Constant delay
    %assign/vec4/a/d v0x55dfc0b56510, 0, 4;
T_7.14 ;
    %ix/getv/s 4, v0x55dfc0b52250_0;
    %load/vec4a v0x55dfc0b565b0, 4;
    %pad/u 32;
    %pushi/vec4 0, 0, 32;
    %cmp/e;
    %flag_get/vec4 4;
    %ix/getv/s 4, v0x55dfc0b52250_0;
    %load/vec4a v0x55dfc0b56710, 4;
    %load/vec4 v0x55dfc0b51fd0_0;
    %pad/u 5;
    %cmp/e;
    %flag_get/vec4 4;
    %and;
    %flag_set/vec4 8;
    %jmp/0xz  T_7.16, 8;
    %load/vec4 v0x55dfc0b59530_0;
    %ix/getv/s 3, v0x55dfc0b52250_0;
    %ix/load 4, 0, 0; Constant delay
    %assign/vec4/a/d v0x55dfc0b560d0, 0, 4;
    %pushi/vec4 1, 0, 1;
    %ix/getv/s 3, v0x55dfc0b52250_0;
    %ix/load 4, 0, 0; Constant delay
    %assign/vec4/a/d v0x55dfc0b565b0, 0, 4;
T_7.16 ;
    %load/vec4 v0x55dfc0b52250_0;
    %pushi/vec4 1, 0, 32;
    %add;
    %store/vec4 v0x55dfc0b52250_0, 0, 32;
    %jmp T_7.8;
T_7.9 ;
    %load/vec4 v0x55dfc0b59530_0;
    %load/vec4 v0x55dfc0b51fd0_0;
    %pad/u 5;
    %ix/vec4 4;
    %store/vec4a v0x55dfc0b567d0, 4, 0;
    %pushi/vec4 1, 0, 1;
    %load/vec4 v0x55dfc0b51fd0_0;
    %pad/u 5;
    %ix/vec4 4;
    %store/vec4a v0x55dfc0b59c70, 4, 0;
    %pushi/vec4 1, 0, 1;
    %store/vec4 v0x55dfc0b51c10_0, 0, 1;
    %load/vec4 v0x55dfc0b593f0_0;
    %subi 1, 0, 32;
    %store/vec4 v0x55dfc0b593f0_0, 0, 32;
T_7.6 ;
    %jmp T_7;
    .thread T_7;
    .scope S_0x55dfc0b524e0;
T_8 ;
    %wait E_0x55dfc0b39090;
    %load/vec4 v0x55dfc0b52c00_0;
    %pad/u 32;
    %cmpi/e 1, 0, 32;
    %jmp/0xz  T_8.0, 4;
    %pushi/vec4 1, 0, 1;
    %store/vec4 v0x55dfc0b52710_0, 0, 1;
    %load/vec4 v0x55dfc0b52cc0_0;
    %pad/u 32;
    %cmpi/e 1, 0, 32;
    %jmp/0xz  T_8.2, 4;
    %load/vec4 v0x55dfc0b52950_0;
    %load/vec4 v0x55dfc0b529f0_0;
    %div;
    %assign/vec4 v0x55dfc0b59610_0, 1600;
    %pushi/vec4 0, 0, 1;
    %assign/vec4 v0x55dfc0b52710_0, 1601;
    %pushi/vec4 0, 0, 1;
    %ix/load 3, 2, 0;
    %flag_set/imm 4, 0;
    %ix/load 4, 1600, 0; Constant delay
    %assign/vec4/a/d v0x55dfc0b582c0, 0, 4;
    %delay 1602, 0;
T_8.2 ;
    %load/vec4 v0x55dfc0b52cc0_0;
    %pad/u 32;
    %cmpi/e 0, 0, 32;
    %jmp/0xz  T_8.4, 4;
    %load/vec4 v0x55dfc0b52950_0;
    %load/vec4 v0x55dfc0b529f0_0;
    %mul;
    %assign/vec4 v0x55dfc0b59610_0, 400;
    %pushi/vec4 0, 0, 1;
    %assign/vec4 v0x55dfc0b52710_0, 401;
    %pushi/vec4 0, 0, 1;
    %ix/load 3, 2, 0;
    %flag_set/imm 4, 0;
    %ix/load 4, 400, 0; Constant delay
    %assign/vec4/a/d v0x55dfc0b582c0, 0, 4;
    %delay 402, 0;
T_8.4 ;
T_8.0 ;
    %load/vec4 v0x55dfc0b52710_0;
    %pad/u 32;
    %cmpi/e 1, 0, 32;
    %jmp/0xz  T_8.6, 4;
    %vpi_call 13 34 "$display", "\012 multer %d :", 32'sb00000000000000000000000000000010 {0 0 0};
    %vpi_call 13 35 "$display", "data1 = %b, data2 = %b, fun3 = %b, des= %b,output = %b\012", v0x55dfc0b52950_0, v0x55dfc0b529f0_0, v0x55dfc0b52cc0_0, v0x55dfc0b52b20_0, v0x55dfc0b59610_0 {0 0 0};
    %pushi/vec4 0, 0, 32;
    %store/vec4 v0x55dfc0b52da0_0, 0, 32;
T_8.8 ;
    %load/vec4 v0x55dfc0b52da0_0;
    %cmpi/s 3, 0, 32;
    %jmp/0xz T_8.9, 5;
    %ix/getv/s 4, v0x55dfc0b52da0_0;
    %load/vec4a v0x55dfc0b556a0, 4;
    %pad/u 32;
    %pushi/vec4 0, 0, 32;
    %cmp/e;
    %flag_get/vec4 4;
    %ix/getv/s 4, v0x55dfc0b52da0_0;
    %load/vec4a v0x55dfc0b557e0, 4;
    %load/vec4 v0x55dfc0b52b20_0;
    %pad/u 5;
    %cmp/e;
    %flag_get/vec4 4;
    %and;
    %flag_set/vec4 8;
    %jmp/0xz  T_8.10, 8;
    %load/vec4 v0x55dfc0b59610_0;
    %ix/getv/s 3, v0x55dfc0b52da0_0;
    %ix/load 4, 0, 0; Constant delay
    %assign/vec4/a/d v0x55dfc0b55170, 0, 4;
    %pushi/vec4 1, 0, 1;
    %ix/getv/s 3, v0x55dfc0b52da0_0;
    %ix/load 4, 0, 0; Constant delay
    %assign/vec4/a/d v0x55dfc0b556a0, 0, 4;
T_8.10 ;
    %ix/getv/s 4, v0x55dfc0b52da0_0;
    %load/vec4a v0x55dfc0b55740, 4;
    %pad/u 32;
    %pushi/vec4 0, 0, 32;
    %cmp/e;
    %flag_get/vec4 4;
    %ix/getv/s 4, v0x55dfc0b52da0_0;
    %load/vec4a v0x55dfc0b558a0, 4;
    %load/vec4 v0x55dfc0b52b20_0;
    %pad/u 5;
    %cmp/e;
    %flag_get/vec4 4;
    %and;
    %flag_set/vec4 8;
    %jmp/0xz  T_8.12, 8;
    %load/vec4 v0x55dfc0b59610_0;
    %ix/getv/s 3, v0x55dfc0b52da0_0;
    %ix/load 4, 0, 0; Constant delay
    %assign/vec4/a/d v0x55dfc0b55230, 0, 4;
    %pushi/vec4 1, 0, 1;
    %ix/getv/s 3, v0x55dfc0b52da0_0;
    %ix/load 4, 0, 0; Constant delay
    %assign/vec4/a/d v0x55dfc0b55740, 0, 4;
T_8.12 ;
    %ix/getv/s 4, v0x55dfc0b52da0_0;
    %load/vec4a v0x55dfc0b56510, 4;
    %pad/u 32;
    %pushi/vec4 0, 0, 32;
    %cmp/e;
    %flag_get/vec4 4;
    %ix/getv/s 4, v0x55dfc0b52da0_0;
    %load/vec4a v0x55dfc0b56650, 4;
    %load/vec4 v0x55dfc0b52b20_0;
    %pad/u 5;
    %cmp/e;
    %flag_get/vec4 4;
    %and;
    %flag_set/vec4 8;
    %jmp/0xz  T_8.14, 8;
    %load/vec4 v0x55dfc0b59610_0;
    %ix/getv/s 3, v0x55dfc0b52da0_0;
    %ix/load 4, 0, 0; Constant delay
    %assign/vec4/a/d v0x55dfc0b56010, 0, 4;
    %pushi/vec4 1, 0, 1;
    %ix/getv/s 3, v0x55dfc0b52da0_0;
    %ix/load 4, 0, 0; Constant delay
    %assign/vec4/a/d v0x55dfc0b56510, 0, 4;
T_8.14 ;
    %ix/getv/s 4, v0x55dfc0b52da0_0;
    %load/vec4a v0x55dfc0b565b0, 4;
    %pad/u 32;
    %pushi/vec4 0, 0, 32;
    %cmp/e;
    %flag_get/vec4 4;
    %ix/getv/s 4, v0x55dfc0b52da0_0;
    %load/vec4a v0x55dfc0b56710, 4;
    %load/vec4 v0x55dfc0b52b20_0;
    %pad/u 5;
    %cmp/e;
    %flag_get/vec4 4;
    %and;
    %flag_set/vec4 8;
    %jmp/0xz  T_8.16, 8;
    %load/vec4 v0x55dfc0b59610_0;
    %ix/getv/s 3, v0x55dfc0b52da0_0;
    %ix/load 4, 0, 0; Constant delay
    %assign/vec4/a/d v0x55dfc0b560d0, 0, 4;
    %pushi/vec4 1, 0, 1;
    %ix/getv/s 3, v0x55dfc0b52da0_0;
    %ix/load 4, 0, 0; Constant delay
    %assign/vec4/a/d v0x55dfc0b565b0, 0, 4;
T_8.16 ;
    %load/vec4 v0x55dfc0b52da0_0;
    %pushi/vec4 1, 0, 32;
    %add;
    %store/vec4 v0x55dfc0b52da0_0, 0, 32;
    %jmp T_8.8;
T_8.9 ;
    %load/vec4 v0x55dfc0b59610_0;
    %load/vec4 v0x55dfc0b52b20_0;
    %pad/u 5;
    %ix/vec4 4;
    %store/vec4a v0x55dfc0b567d0, 4, 0;
    %pushi/vec4 1, 0, 1;
    %load/vec4 v0x55dfc0b52b20_0;
    %pad/u 5;
    %ix/vec4 4;
    %store/vec4a v0x55dfc0b59c70, 4, 0;
    %pushi/vec4 1, 0, 1;
    %store/vec4 v0x55dfc0b52710_0, 0, 1;
    %load/vec4 v0x55dfc0b593f0_0;
    %subi 1, 0, 32;
    %store/vec4 v0x55dfc0b593f0_0, 0, 32;
T_8.6 ;
    %jmp T_8;
    .thread T_8;
    .scope S_0x55dfc0b4fed0;
T_9 ;
    %wait E_0x55dfc0b39090;
    %load/vec4 v0x55dfc0b50500_0;
    %pad/u 32;
    %cmpi/e 1, 0, 32;
    %jmp/0xz  T_9.0, 4;
    %pushi/vec4 1, 0, 1;
    %store/vec4 v0x55dfc0b500f0_0, 0, 1;
    %load/vec4 v0x55dfc0b50330_0;
    %store/vec4 v0x55dfc0b508f0_0, 0, 32;
    %load/vec4 v0x55dfc0b508f0_0;
    %load/vec4 v0x55dfc0b50b90_0;
    %pad/u 32;
    %add;
    %store/vec4 v0x55dfc0b509d0_0, 0, 32;
    %ix/getv/s 4, v0x55dfc0b509d0_0;
    %load/vec4a v0x55dfc0b59350, 4;
    %store/vec4 v0x55dfc0b50ab0_0, 0, 32;
    %ix/load 4, 2, 0;
    %flag_set/imm 4, 0;
    %load/vec4a v0x55dfc0b56d90, 4;
    %store/vec4 v0x55dfc0b506a0_0, 0, 32;
    %load/vec4 v0x55dfc0b506a0_0;
    %load/vec4 v0x55dfc0b50b90_0;
    %pad/u 32;
    %add;
    %store/vec4 v0x55dfc0b50780_0, 0, 32;
    %load/vec4 v0x55dfc0b50ab0_0;
    %assign/vec4 v0x55dfc0b591e0_0, 200;
    %pushi/vec4 0, 0, 1;
    %assign/vec4 v0x55dfc0b500f0_0, 201;
    %pushi/vec4 0, 0, 1;
    %ix/load 3, 0, 0;
    %flag_set/imm 4, 0;
    %ix/load 4, 200, 0; Constant delay
    %assign/vec4/a/d v0x55dfc0b578f0, 0, 4;
    %delay 202, 0;
T_9.0 ;
    %load/vec4 v0x55dfc0b500f0_0;
    %pad/u 32;
    %cmpi/e 0, 0, 32;
    %jmp/0xz  T_9.2, 4;
    %vpi_call 10 31 "$display", "\012 loader %d :", 32'sb00000000000000000000000000000000 {0 0 0};
    %vpi_call 10 32 "$display", "data1 = %b, offset = %b, des= %b,output = %b\012", v0x55dfc0b50330_0, v0x55dfc0b50b90_0, v0x55dfc0b503d0_0, v0x55dfc0b591e0_0 {0 0 0};
    %pushi/vec4 0, 0, 32;
    %store/vec4 v0x55dfc0b505c0_0, 0, 32;
T_9.4 ;
    %load/vec4 v0x55dfc0b505c0_0;
    %cmpi/s 3, 0, 32;
    %jmp/0xz T_9.5, 5;
    %ix/getv/s 4, v0x55dfc0b505c0_0;
    %load/vec4a v0x55dfc0b556a0, 4;
    %pad/u 32;
    %pushi/vec4 0, 0, 32;
    %cmp/e;
    %flag_get/vec4 4;
    %ix/getv/s 4, v0x55dfc0b505c0_0;
    %load/vec4a v0x55dfc0b557e0, 4;
    %load/vec4 v0x55dfc0b503d0_0;
    %pad/u 5;
    %cmp/e;
    %flag_get/vec4 4;
    %and;
    %flag_set/vec4 8;
    %jmp/0xz  T_9.6, 8;
    %load/vec4 v0x55dfc0b591e0_0;
    %ix/getv/s 3, v0x55dfc0b505c0_0;
    %ix/load 4, 0, 0; Constant delay
    %assign/vec4/a/d v0x55dfc0b55170, 0, 4;
    %pushi/vec4 1, 0, 1;
    %ix/getv/s 3, v0x55dfc0b505c0_0;
    %ix/load 4, 0, 0; Constant delay
    %assign/vec4/a/d v0x55dfc0b556a0, 0, 4;
T_9.6 ;
    %ix/getv/s 4, v0x55dfc0b505c0_0;
    %load/vec4a v0x55dfc0b55740, 4;
    %pad/u 32;
    %pushi/vec4 0, 0, 32;
    %cmp/e;
    %flag_get/vec4 4;
    %ix/getv/s 4, v0x55dfc0b505c0_0;
    %load/vec4a v0x55dfc0b558a0, 4;
    %load/vec4 v0x55dfc0b503d0_0;
    %pad/u 5;
    %cmp/e;
    %flag_get/vec4 4;
    %and;
    %flag_set/vec4 8;
    %jmp/0xz  T_9.8, 8;
    %load/vec4 v0x55dfc0b591e0_0;
    %ix/getv/s 3, v0x55dfc0b505c0_0;
    %ix/load 4, 0, 0; Constant delay
    %assign/vec4/a/d v0x55dfc0b55230, 0, 4;
    %pushi/vec4 1, 0, 1;
    %ix/getv/s 3, v0x55dfc0b505c0_0;
    %ix/load 4, 0, 0; Constant delay
    %assign/vec4/a/d v0x55dfc0b55740, 0, 4;
T_9.8 ;
    %ix/getv/s 4, v0x55dfc0b505c0_0;
    %load/vec4a v0x55dfc0b56510, 4;
    %pad/u 32;
    %pushi/vec4 0, 0, 32;
    %cmp/e;
    %flag_get/vec4 4;
    %ix/getv/s 4, v0x55dfc0b505c0_0;
    %load/vec4a v0x55dfc0b56650, 4;
    %load/vec4 v0x55dfc0b503d0_0;
    %pad/u 5;
    %cmp/e;
    %flag_get/vec4 4;
    %and;
    %flag_set/vec4 8;
    %jmp/0xz  T_9.10, 8;
    %load/vec4 v0x55dfc0b591e0_0;
    %ix/getv/s 3, v0x55dfc0b505c0_0;
    %ix/load 4, 0, 0; Constant delay
    %assign/vec4/a/d v0x55dfc0b56010, 0, 4;
    %pushi/vec4 1, 0, 1;
    %ix/getv/s 3, v0x55dfc0b505c0_0;
    %ix/load 4, 0, 0; Constant delay
    %assign/vec4/a/d v0x55dfc0b56510, 0, 4;
T_9.10 ;
    %ix/getv/s 4, v0x55dfc0b505c0_0;
    %load/vec4a v0x55dfc0b565b0, 4;
    %pad/u 32;
    %pushi/vec4 0, 0, 32;
    %cmp/e;
    %flag_get/vec4 4;
    %ix/getv/s 4, v0x55dfc0b505c0_0;
    %load/vec4a v0x55dfc0b56710, 4;
    %load/vec4 v0x55dfc0b503d0_0;
    %pad/u 5;
    %cmp/e;
    %flag_get/vec4 4;
    %and;
    %flag_set/vec4 8;
    %jmp/0xz  T_9.12, 8;
    %load/vec4 v0x55dfc0b591e0_0;
    %ix/getv/s 3, v0x55dfc0b505c0_0;
    %ix/load 4, 0, 0; Constant delay
    %assign/vec4/a/d v0x55dfc0b560d0, 0, 4;
    %pushi/vec4 1, 0, 1;
    %ix/getv/s 3, v0x55dfc0b505c0_0;
    %ix/load 4, 0, 0; Constant delay
    %assign/vec4/a/d v0x55dfc0b565b0, 0, 4;
T_9.12 ;
    %load/vec4 v0x55dfc0b505c0_0;
    %pushi/vec4 1, 0, 32;
    %add;
    %store/vec4 v0x55dfc0b505c0_0, 0, 32;
    %jmp T_9.4;
T_9.5 ;
    %load/vec4 v0x55dfc0b591e0_0;
    %load/vec4 v0x55dfc0b503d0_0;
    %pad/u 5;
    %ix/vec4 4;
    %store/vec4a v0x55dfc0b567d0, 4, 0;
    %pushi/vec4 1, 0, 1;
    %load/vec4 v0x55dfc0b503d0_0;
    %pad/u 5;
    %ix/vec4 4;
    %store/vec4a v0x55dfc0b59c70, 4, 0;
    %pushi/vec4 1, 0, 1;
    %store/vec4 v0x55dfc0b500f0_0, 0, 1;
T_9.2 ;
    %jmp T_9;
    .thread T_9;
    .scope S_0x55dfc0a45210;
T_10 ;
    %wait E_0x55dfc0a33600;
    %pushi/vec4 0, 0, 32;
    %store/vec4 v0x55dfc0b53030_0, 0, 32;
T_10.0 ;
    %load/vec4 v0x55dfc0b53030_0;
    %cmpi/s 2, 0, 32;
    %flag_or 5, 4;
    %jmp/0xz T_10.1, 5;
    %load/vec4 v0x55dfc0b536b0_0;
    %cmpi/e 51, 0, 7;
    %jmp/0xz  T_10.2, 4;
    %ix/getv/s 4, v0x55dfc0b53030_0;
    %load/vec4a v0x55dfc0b552f0, 4;
    %pad/u 32;
    %cmpi/e 0, 0, 32;
    %jmp/0xz  T_10.4, 4;
    %load/vec4 v0x55dfc0b53030_0;
    %store/vec4 v0x55dfc0b53210_0, 0, 32;
    %pushi/vec4 10, 0, 32;
    %store/vec4 v0x55dfc0b53030_0, 0, 32;
T_10.4 ;
    %jmp T_10.3;
T_10.2 ;
    %load/vec4 v0x55dfc0b536b0_0;
    %cmpi/e 99, 0, 7;
    %jmp/0xz  T_10.6, 4;
    %ix/getv/s 4, v0x55dfc0b53030_0;
    %load/vec4a v0x55dfc0b56190, 4;
    %pad/u 32;
    %cmpi/e 0, 0, 32;
    %jmp/0xz  T_10.8, 4;
    %load/vec4 v0x55dfc0b53030_0;
    %store/vec4 v0x55dfc0b53d40_0, 0, 32;
    %pushi/vec4 11, 0, 32;
    %store/vec4 v0x55dfc0b53030_0, 0, 32;
T_10.8 ;
    %jmp T_10.7;
T_10.6 ;
    %load/vec4 v0x55dfc0b536b0_0;
    %cmpi/e 3, 0, 7;
    %jmp/0xz  T_10.10, 4;
    %ix/getv/s 4, v0x55dfc0b53030_0;
    %load/vec4a v0x55dfc0b55a20, 4;
    %pad/u 32;
    %cmpi/e 0, 0, 32;
    %jmp/0xz  T_10.12, 4;
    %load/vec4 v0x55dfc0b53030_0;
    %store/vec4 v0x55dfc0b53c60_0, 0, 32;
    %pushi/vec4 12, 0, 32;
    %store/vec4 v0x55dfc0b53030_0, 0, 32;
T_10.12 ;
T_10.10 ;
T_10.7 ;
T_10.3 ;
    %load/vec4 v0x55dfc0b53030_0;
    %pushi/vec4 1, 0, 32;
    %add;
    %store/vec4 v0x55dfc0b53030_0, 0, 32;
    %jmp T_10.0;
T_10.1 ;
    %load/vec4 v0x55dfc0b53ba0_0;
    %pad/u 32;
    %cmpi/e 1, 0, 32;
    %jmp/0xz  T_10.14, 4;
    %load/vec4 v0x55dfc0b536b0_0;
    %cmpi/e 51, 0, 7;
    %jmp/0xz  T_10.16, 4;
    %load/vec4 v0x55dfc0b534f0_0;
    %ix/getv/s 3, v0x55dfc0b53210_0;
    %ix/load 4, 0, 0; Constant delay
    %assign/vec4/a/d v0x55dfc0b555e0, 0, 4;
    %load/vec4 v0x55dfc0b53410_0;
    %ix/getv/s 3, v0x55dfc0b53210_0;
    %ix/load 4, 0, 0; Constant delay
    %assign/vec4/a/d v0x55dfc0b55520, 0, 4;
    %pushi/vec4 1, 0, 1;
    %ix/getv/s 3, v0x55dfc0b53210_0;
    %ix/load 4, 0, 0; Constant delay
    %assign/vec4/a/d v0x55dfc0b552f0, 0, 4;
    %load/vec4 v0x55dfc0b539e0_0;
    %pad/u 7;
    %ix/vec4 4;
    %load/vec4a v0x55dfc0b59d10, 4;
    %pad/u 32;
    %cmpi/e 1, 0, 32;
    %jmp/0xz  T_10.18, 4;
    %load/vec4 v0x55dfc0b539e0_0;
    %pad/u 7;
    %ix/vec4 4;
    %load/vec4a v0x55dfc0b59b10, 4;
    %pad/u 5;
    %ix/getv/s 3, v0x55dfc0b53210_0;
    %ix/load 4, 0, 0; Constant delay
    %assign/vec4/a/d v0x55dfc0b557e0, 0, 4;
    %pushi/vec4 0, 0, 1;
    %ix/getv/s 3, v0x55dfc0b53210_0;
    %ix/load 4, 0, 0; Constant delay
    %assign/vec4/a/d v0x55dfc0b556a0, 0, 4;
    %jmp T_10.19;
T_10.18 ;
    %load/vec4 v0x55dfc0b539e0_0;
    %pad/u 7;
    %ix/vec4 4;
    %load/vec4a v0x55dfc0b56d90, 4;
    %ix/getv/s 3, v0x55dfc0b53210_0;
    %ix/load 4, 0, 0; Constant delay
    %assign/vec4/a/d v0x55dfc0b55170, 0, 4;
    %pushi/vec4 1, 0, 1;
    %ix/getv/s 3, v0x55dfc0b53210_0;
    %ix/load 4, 0, 0; Constant delay
    %assign/vec4/a/d v0x55dfc0b556a0, 0, 4;
    %load/vec4 v0x55dfc0b539e0_0;
    %ix/getv/s 3, v0x55dfc0b53210_0;
    %ix/load 4, 0, 0; Constant delay
    %assign/vec4/a/d v0x55dfc0b557e0, 0, 4;
T_10.19 ;
    %load/vec4 v0x55dfc0b53ac0_0;
    %pad/u 7;
    %ix/vec4 4;
    %load/vec4a v0x55dfc0b59d10, 4;
    %pad/u 32;
    %cmpi/e 1, 0, 32;
    %jmp/0xz  T_10.20, 4;
    %load/vec4 v0x55dfc0b53ac0_0;
    %pad/u 7;
    %ix/vec4 4;
    %load/vec4a v0x55dfc0b59b10, 4;
    %pad/u 5;
    %ix/getv/s 3, v0x55dfc0b53210_0;
    %ix/load 4, 0, 0; Constant delay
    %assign/vec4/a/d v0x55dfc0b558a0, 0, 4;
    %pushi/vec4 0, 0, 1;
    %ix/getv/s 3, v0x55dfc0b53210_0;
    %ix/load 4, 0, 0; Constant delay
    %assign/vec4/a/d v0x55dfc0b55740, 0, 4;
    %jmp T_10.21;
T_10.20 ;
    %load/vec4 v0x55dfc0b53ac0_0;
    %pad/u 7;
    %ix/vec4 4;
    %load/vec4a v0x55dfc0b56d90, 4;
    %ix/getv/s 3, v0x55dfc0b53210_0;
    %ix/load 4, 0, 0; Constant delay
    %assign/vec4/a/d v0x55dfc0b55230, 0, 4;
    %pushi/vec4 1, 0, 1;
    %ix/getv/s 3, v0x55dfc0b53210_0;
    %ix/load 4, 0, 0; Constant delay
    %assign/vec4/a/d v0x55dfc0b55740, 0, 4;
    %load/vec4 v0x55dfc0b53ac0_0;
    %ix/getv/s 3, v0x55dfc0b53210_0;
    %ix/load 4, 0, 0; Constant delay
    %assign/vec4/a/d v0x55dfc0b558a0, 0, 4;
T_10.21 ;
    %load/vec4 v0x55dfc0b53900_0;
    %ix/getv/s 3, v0x55dfc0b53210_0;
    %ix/load 4, 0, 0; Constant delay
    %assign/vec4/a/d v0x55dfc0b55390, 0, 4;
    %pushi/vec4 0, 0, 1;
    %ix/getv/s 3, v0x55dfc0b53210_0;
    %ix/load 4, 0, 0; Constant delay
    %assign/vec4/a/d v0x55dfc0b55430, 0, 4;
    %jmp T_10.17;
T_10.16 ;
    %load/vec4 v0x55dfc0b536b0_0;
    %cmpi/e 99, 0, 7;
    %jmp/0xz  T_10.22, 4;
    %load/vec4 v0x55dfc0b534f0_0;
    %pad/u 1;
    %ix/getv/s 3, v0x55dfc0b53d40_0;
    %ix/load 4, 0, 0; Constant delay
    %assign/vec4/a/d v0x55dfc0b56450, 0, 4;
    %load/vec4 v0x55dfc0b53410_0;
    %pad/u 1;
    %ix/getv/s 3, v0x55dfc0b53d40_0;
    %ix/load 4, 0, 0; Constant delay
    %assign/vec4/a/d v0x55dfc0b56390, 0, 4;
    %pushi/vec4 1, 0, 1;
    %ix/getv/s 3, v0x55dfc0b53d40_0;
    %ix/load 4, 0, 0; Constant delay
    %assign/vec4/a/d v0x55dfc0b56190, 0, 4;
    %load/vec4 v0x55dfc0b539e0_0;
    %pad/u 7;
    %ix/vec4 4;
    %load/vec4a v0x55dfc0b59d10, 4;
    %pad/u 32;
    %cmpi/e 1, 0, 32;
    %jmp/0xz  T_10.24, 4;
    %load/vec4 v0x55dfc0b539e0_0;
    %pad/u 7;
    %ix/vec4 4;
    %load/vec4a v0x55dfc0b59b10, 4;
    %pad/u 5;
    %ix/getv/s 3, v0x55dfc0b53d40_0;
    %ix/load 4, 0, 0; Constant delay
    %assign/vec4/a/d v0x55dfc0b56650, 0, 4;
    %pushi/vec4 0, 0, 1;
    %ix/getv/s 3, v0x55dfc0b53d40_0;
    %ix/load 4, 0, 0; Constant delay
    %assign/vec4/a/d v0x55dfc0b56510, 0, 4;
    %jmp T_10.25;
T_10.24 ;
    %load/vec4 v0x55dfc0b539e0_0;
    %pad/u 7;
    %ix/vec4 4;
    %load/vec4a v0x55dfc0b56d90, 4;
    %ix/getv/s 3, v0x55dfc0b53d40_0;
    %ix/load 4, 0, 0; Constant delay
    %assign/vec4/a/d v0x55dfc0b56010, 0, 4;
    %pushi/vec4 1, 0, 1;
    %ix/getv/s 3, v0x55dfc0b53d40_0;
    %ix/load 4, 0, 0; Constant delay
    %assign/vec4/a/d v0x55dfc0b56510, 0, 4;
    %load/vec4 v0x55dfc0b539e0_0;
    %ix/getv/s 3, v0x55dfc0b53d40_0;
    %ix/load 4, 0, 0; Constant delay
    %assign/vec4/a/d v0x55dfc0b56650, 0, 4;
T_10.25 ;
    %load/vec4 v0x55dfc0b53ac0_0;
    %pad/u 7;
    %ix/vec4 4;
    %load/vec4a v0x55dfc0b59d10, 4;
    %pad/u 32;
    %cmpi/e 1, 0, 32;
    %jmp/0xz  T_10.26, 4;
    %load/vec4 v0x55dfc0b53ac0_0;
    %pad/u 7;
    %ix/vec4 4;
    %load/vec4a v0x55dfc0b59b10, 4;
    %pad/u 5;
    %ix/getv/s 3, v0x55dfc0b53d40_0;
    %ix/load 4, 0, 0; Constant delay
    %assign/vec4/a/d v0x55dfc0b56710, 0, 4;
    %pushi/vec4 0, 0, 1;
    %ix/getv/s 3, v0x55dfc0b53d40_0;
    %ix/load 4, 0, 0; Constant delay
    %assign/vec4/a/d v0x55dfc0b565b0, 0, 4;
    %jmp T_10.27;
T_10.26 ;
    %load/vec4 v0x55dfc0b53ac0_0;
    %pad/u 7;
    %ix/vec4 4;
    %load/vec4a v0x55dfc0b56d90, 4;
    %ix/getv/s 3, v0x55dfc0b53d40_0;
    %ix/load 4, 0, 0; Constant delay
    %assign/vec4/a/d v0x55dfc0b560d0, 0, 4;
    %pushi/vec4 1, 0, 1;
    %ix/getv/s 3, v0x55dfc0b53d40_0;
    %ix/load 4, 0, 0; Constant delay
    %assign/vec4/a/d v0x55dfc0b565b0, 0, 4;
    %load/vec4 v0x55dfc0b53ac0_0;
    %ix/getv/s 3, v0x55dfc0b53d40_0;
    %ix/load 4, 0, 0; Constant delay
    %assign/vec4/a/d v0x55dfc0b56710, 0, 4;
T_10.27 ;
    %load/vec4 v0x55dfc0b53900_0;
    %ix/getv/s 3, v0x55dfc0b53d40_0;
    %ix/load 4, 0, 0; Constant delay
    %assign/vec4/a/d v0x55dfc0b56230, 0, 4;
    %pushi/vec4 0, 0, 1;
    %ix/getv/s 3, v0x55dfc0b53d40_0;
    %ix/load 4, 0, 0; Constant delay
    %assign/vec4/a/d v0x55dfc0b562f0, 0, 4;
    %jmp T_10.23;
T_10.22 ;
    %load/vec4 v0x55dfc0b536b0_0;
    %cmpi/e 3, 0, 7;
    %jmp/0xz  T_10.28, 4;
    %load/vec4 v0x55dfc0b53410_0;
    %ix/getv/s 3, v0x55dfc0b53c60_0;
    %ix/load 4, 0, 0; Constant delay
    %assign/vec4/a/d v0x55dfc0b55c20, 0, 4;
    %pushi/vec4 1, 0, 1;
    %ix/getv/s 3, v0x55dfc0b53c60_0;
    %ix/load 4, 0, 0; Constant delay
    %assign/vec4/a/d v0x55dfc0b55a20, 0, 4;
    %load/vec4 v0x55dfc0b539e0_0;
    %pad/u 7;
    %ix/vec4 4;
    %load/vec4a v0x55dfc0b59d10, 4;
    %pad/u 32;
    %cmpi/e 1, 0, 32;
    %jmp/0xz  T_10.30, 4;
    %load/vec4 v0x55dfc0b539e0_0;
    %pad/u 7;
    %ix/vec4 4;
    %load/vec4a v0x55dfc0b59b10, 4;
    %pad/u 5;
    %ix/getv/s 3, v0x55dfc0b53c60_0;
    %ix/load 4, 0, 0; Constant delay
    %assign/vec4/a/d v0x55dfc0b55f50, 0, 4;
    %pushi/vec4 0, 0, 1;
    %ix/getv/s 3, v0x55dfc0b53c60_0;
    %ix/load 4, 0, 0; Constant delay
    %assign/vec4/a/d v0x55dfc0b55eb0, 0, 4;
    %jmp T_10.31;
T_10.30 ;
    %load/vec4 v0x55dfc0b539e0_0;
    %pad/u 7;
    %ix/vec4 4;
    %load/vec4a v0x55dfc0b56d90, 4;
    %ix/getv/s 3, v0x55dfc0b53c60_0;
    %ix/load 4, 0, 0; Constant delay
    %assign/vec4/a/d v0x55dfc0b55960, 0, 4;
    %pushi/vec4 1, 0, 1;
    %ix/getv/s 3, v0x55dfc0b53c60_0;
    %ix/load 4, 0, 0; Constant delay
    %assign/vec4/a/d v0x55dfc0b55eb0, 0, 4;
    %load/vec4 v0x55dfc0b539e0_0;
    %ix/getv/s 3, v0x55dfc0b53c60_0;
    %ix/load 4, 0, 0; Constant delay
    %assign/vec4/a/d v0x55dfc0b55f50, 0, 4;
T_10.31 ;
    %load/vec4 v0x55dfc0b53900_0;
    %ix/getv/s 3, v0x55dfc0b53c60_0;
    %ix/load 4, 0, 0; Constant delay
    %assign/vec4/a/d v0x55dfc0b55ac0, 0, 4;
    %pushi/vec4 0, 0, 1;
    %ix/getv/s 3, v0x55dfc0b53c60_0;
    %ix/load 4, 0, 0; Constant delay
    %assign/vec4/a/d v0x55dfc0b55b80, 0, 4;
    %load/vec4 v0x55dfc0b535d0_0;
    %ix/getv/s 3, v0x55dfc0b53c60_0;
    %ix/load 4, 0, 0; Constant delay
    %assign/vec4/a/d v0x55dfc0b55ce0, 0, 4;
T_10.28 ;
T_10.23 ;
T_10.17 ;
T_10.14 ;
    %pushi/vec4 0, 0, 32;
    %store/vec4 v0x55dfc0b53130_0, 0, 32;
T_10.32 ;
    %load/vec4 v0x55dfc0b53130_0;
    %cmpi/s 2, 0, 32;
    %flag_or 5, 4;
    %jmp/0xz T_10.33, 5;
    %vpi_call 6 144 "$display", "RS ADD %d", v0x55dfc0b53130_0 {0 0 0};
    %vpi_call 6 145 "$display", "Source1 data: %b,Source2 data:%b, Busy: %b, Execution:%b Fun7: %b, Fun3: %b, Source1 Tag:%b , Source2 Tag: %b, Source1 Ready:%b , Source2 Ready: %b, Destination ind: %d ", &A<v0x55dfc0b55170, v0x55dfc0b53130_0 >, &A<v0x55dfc0b55230, v0x55dfc0b53130_0 >, &A<v0x55dfc0b552f0, v0x55dfc0b53130_0 >, &A<v0x55dfc0b55430, v0x55dfc0b53130_0 >, &A<v0x55dfc0b555e0, v0x55dfc0b53130_0 >, &A<v0x55dfc0b55520, v0x55dfc0b53130_0 >, &A<v0x55dfc0b557e0, v0x55dfc0b53130_0 >, &A<v0x55dfc0b558a0, v0x55dfc0b53130_0 >, &A<v0x55dfc0b556a0, v0x55dfc0b53130_0 >, &A<v0x55dfc0b55740, v0x55dfc0b53130_0 >, &A<v0x55dfc0b55390, v0x55dfc0b53130_0 > {0 0 0};
    %vpi_call 6 146 "$display", "\012" {0 0 0};
    %load/vec4 v0x55dfc0b53130_0;
    %pushi/vec4 1, 0, 32;
    %add;
    %store/vec4 v0x55dfc0b53130_0, 0, 32;
    %jmp T_10.32;
T_10.33 ;
    %vpi_call 6 149 "$display", "\012\012" {0 0 0};
    %pushi/vec4 0, 0, 32;
    %store/vec4 v0x55dfc0b53130_0, 0, 32;
T_10.34 ;
    %load/vec4 v0x55dfc0b53130_0;
    %cmpi/s 2, 0, 32;
    %flag_or 5, 4;
    %jmp/0xz T_10.35, 5;
    %vpi_call 6 152 "$display", "RS MUL %d", v0x55dfc0b53130_0 {0 0 0};
    %vpi_call 6 153 "$display", "Source1 data: %b,Source2 data:%b, Busy: %b, Execution:%b Fun7: %b, Fun3: %b, Source1 Tag:%b , Source2 Tag: %b, Source1 Ready:%b , Source2 Ready: %b, Destination ind: %d ", &A<v0x55dfc0b56010, v0x55dfc0b53130_0 >, &A<v0x55dfc0b560d0, v0x55dfc0b53130_0 >, &A<v0x55dfc0b56190, v0x55dfc0b53130_0 >, &A<v0x55dfc0b562f0, v0x55dfc0b53130_0 >, &A<v0x55dfc0b56450, v0x55dfc0b53130_0 >, &A<v0x55dfc0b56390, v0x55dfc0b53130_0 >, &A<v0x55dfc0b56650, v0x55dfc0b53130_0 >, &A<v0x55dfc0b56710, v0x55dfc0b53130_0 >, &A<v0x55dfc0b56510, v0x55dfc0b53130_0 >, &A<v0x55dfc0b565b0, v0x55dfc0b53130_0 >, &A<v0x55dfc0b56230, v0x55dfc0b53130_0 > {0 0 0};
    %vpi_call 6 154 "$display", "\012" {0 0 0};
    %load/vec4 v0x55dfc0b53130_0;
    %pushi/vec4 1, 0, 32;
    %add;
    %store/vec4 v0x55dfc0b53130_0, 0, 32;
    %jmp T_10.34;
T_10.35 ;
    %jmp T_10;
    .thread T_10;
    .scope S_0x55dfc0a45210;
T_11 ;
    %wait E_0x55dfc0a33600;
    %ix/load 4, 0, 0;
    %flag_set/imm 4, 0;
    %load/vec4a v0x55dfc0b578f0, 4;
    %ix/load 4, 1, 0;
    %flag_set/imm 4, 0;
    %load/vec4a v0x55dfc0b578f0, 4;
    %and;
    %ix/load 4, 2, 0;
    %flag_set/imm 4, 0;
    %load/vec4a v0x55dfc0b578f0, 4;
    %and;
    %nor/r;
    %flag_set/vec4 8;
    %jmp/0xz  T_11.0, 8;
    %pushi/vec4 0, 0, 32;
    %store/vec4 v0x55dfc0b53e20_0, 0, 32;
T_11.2 ;
    %load/vec4 v0x55dfc0b53e20_0;
    %cmpi/s 3, 0, 32;
    %jmp/0xz T_11.3, 5;
    %ix/getv/s 4, v0x55dfc0b53e20_0;
    %load/vec4a v0x55dfc0b556a0, 4;
    %pad/u 32;
    %pushi/vec4 1, 0, 32;
    %cmp/e;
    %flag_get/vec4 4;
    %ix/getv/s 4, v0x55dfc0b53e20_0;
    %load/vec4a v0x55dfc0b55740, 4;
    %pad/u 32;
    %pushi/vec4 1, 0, 32;
    %cmp/e;
    %flag_get/vec4 4;
    %and;
    %ix/getv/s 4, v0x55dfc0b53e20_0;
    %load/vec4a v0x55dfc0b55430, 4;
    %pad/u 32;
    %pushi/vec4 0, 0, 32;
    %cmp/e;
    %flag_get/vec4 4;
    %and;
    %flag_set/vec4 8;
    %jmp/0xz  T_11.4, 8;
    %ix/load 4, 0, 0;
    %flag_set/imm 4, 0;
    %load/vec4a v0x55dfc0b578f0, 4;
    %pad/u 32;
    %cmpi/e 0, 0, 32;
    %jmp/0xz  T_11.6, 4;
    %ix/getv/s 4, v0x55dfc0b53e20_0;
    %load/vec4a v0x55dfc0b55170, 4;
    %ix/load 3, 0, 0;
    %flag_set/imm 4, 0;
    %ix/load 4, 0, 0; Constant delay
    %assign/vec4/a/d v0x55dfc0b57a20, 0, 4;
    %ix/getv/s 4, v0x55dfc0b53e20_0;
    %load/vec4a v0x55dfc0b55230, 4;
    %ix/load 3, 0, 0;
    %flag_set/imm 4, 0;
    %ix/load 4, 0, 0; Constant delay
    %assign/vec4/a/d v0x55dfc0b57b50, 0, 4;
    %ix/getv/s 4, v0x55dfc0b53e20_0;
    %load/vec4a v0x55dfc0b555e0, 4;
    %ix/load 3, 0, 0;
    %flag_set/imm 4, 0;
    %ix/load 4, 0, 0; Constant delay
    %assign/vec4/a/d v0x55dfc0b57db0, 0, 4;
    %ix/getv/s 4, v0x55dfc0b53e20_0;
    %load/vec4a v0x55dfc0b55390, 4;
    %ix/load 3, 0, 0;
    %flag_set/imm 4, 0;
    %ix/load 4, 0, 0; Constant delay
    %assign/vec4/a/d v0x55dfc0b57c80, 0, 4;
    %pushi/vec4 1, 0, 1;
    %ix/getv/s 3, v0x55dfc0b53e20_0;
    %ix/load 4, 0, 0; Constant delay
    %assign/vec4/a/d v0x55dfc0b55430, 0, 4;
    %pushi/vec4 1, 0, 1;
    %ix/load 3, 0, 0;
    %flag_set/imm 4, 0;
    %ix/load 4, 0, 0; Constant delay
    %assign/vec4/a/d v0x55dfc0b578f0, 0, 4;
    %pushi/vec4 7, 0, 32;
    %store/vec4 v0x55dfc0b53e20_0, 0, 32;
    %jmp T_11.7;
T_11.6 ;
    %ix/load 4, 1, 0;
    %flag_set/imm 4, 0;
    %load/vec4a v0x55dfc0b578f0, 4;
    %pad/u 32;
    %cmpi/e 0, 0, 32;
    %jmp/0xz  T_11.8, 4;
    %ix/getv/s 4, v0x55dfc0b53e20_0;
    %load/vec4a v0x55dfc0b55170, 4;
    %ix/load 3, 1, 0;
    %flag_set/imm 4, 0;
    %ix/load 4, 0, 0; Constant delay
    %assign/vec4/a/d v0x55dfc0b57a20, 0, 4;
    %ix/getv/s 4, v0x55dfc0b53e20_0;
    %load/vec4a v0x55dfc0b55230, 4;
    %ix/load 3, 1, 0;
    %flag_set/imm 4, 0;
    %ix/load 4, 0, 0; Constant delay
    %assign/vec4/a/d v0x55dfc0b57b50, 0, 4;
    %ix/getv/s 4, v0x55dfc0b53e20_0;
    %load/vec4a v0x55dfc0b555e0, 4;
    %ix/load 3, 1, 0;
    %flag_set/imm 4, 0;
    %ix/load 4, 0, 0; Constant delay
    %assign/vec4/a/d v0x55dfc0b57db0, 0, 4;
    %ix/getv/s 4, v0x55dfc0b53e20_0;
    %load/vec4a v0x55dfc0b55390, 4;
    %ix/load 3, 1, 0;
    %flag_set/imm 4, 0;
    %ix/load 4, 0, 0; Constant delay
    %assign/vec4/a/d v0x55dfc0b57c80, 0, 4;
    %pushi/vec4 1, 0, 1;
    %ix/getv/s 3, v0x55dfc0b53e20_0;
    %ix/load 4, 0, 0; Constant delay
    %assign/vec4/a/d v0x55dfc0b55430, 0, 4;
    %pushi/vec4 1, 0, 1;
    %ix/load 3, 1, 0;
    %flag_set/imm 4, 0;
    %ix/load 4, 0, 0; Constant delay
    %assign/vec4/a/d v0x55dfc0b578f0, 0, 4;
    %pushi/vec4 8, 0, 32;
    %store/vec4 v0x55dfc0b53e20_0, 0, 32;
    %jmp T_11.9;
T_11.8 ;
    %ix/load 4, 2, 0;
    %flag_set/imm 4, 0;
    %load/vec4a v0x55dfc0b578f0, 4;
    %pad/u 32;
    %cmpi/e 0, 0, 32;
    %jmp/0xz  T_11.10, 4;
    %ix/getv/s 4, v0x55dfc0b53e20_0;
    %load/vec4a v0x55dfc0b55170, 4;
    %ix/load 3, 2, 0;
    %flag_set/imm 4, 0;
    %ix/load 4, 0, 0; Constant delay
    %assign/vec4/a/d v0x55dfc0b57a20, 0, 4;
    %ix/getv/s 4, v0x55dfc0b53e20_0;
    %load/vec4a v0x55dfc0b55230, 4;
    %ix/load 3, 2, 0;
    %flag_set/imm 4, 0;
    %ix/load 4, 0, 0; Constant delay
    %assign/vec4/a/d v0x55dfc0b57b50, 0, 4;
    %ix/getv/s 4, v0x55dfc0b53e20_0;
    %load/vec4a v0x55dfc0b555e0, 4;
    %ix/load 3, 2, 0;
    %flag_set/imm 4, 0;
    %ix/load 4, 0, 0; Constant delay
    %assign/vec4/a/d v0x55dfc0b57db0, 0, 4;
    %ix/getv/s 4, v0x55dfc0b53e20_0;
    %load/vec4a v0x55dfc0b55390, 4;
    %ix/load 3, 2, 0;
    %flag_set/imm 4, 0;
    %ix/load 4, 0, 0; Constant delay
    %assign/vec4/a/d v0x55dfc0b57c80, 0, 4;
    %pushi/vec4 1, 0, 1;
    %ix/getv/s 3, v0x55dfc0b53e20_0;
    %ix/load 4, 0, 0; Constant delay
    %assign/vec4/a/d v0x55dfc0b55430, 0, 4;
    %pushi/vec4 1, 0, 1;
    %ix/load 3, 2, 0;
    %flag_set/imm 4, 0;
    %ix/load 4, 0, 0; Constant delay
    %assign/vec4/a/d v0x55dfc0b578f0, 0, 4;
    %pushi/vec4 9, 0, 32;
    %store/vec4 v0x55dfc0b53e20_0, 0, 32;
T_11.10 ;
T_11.9 ;
T_11.7 ;
T_11.4 ;
    %load/vec4 v0x55dfc0b53e20_0;
    %pushi/vec4 1, 0, 32;
    %add;
    %store/vec4 v0x55dfc0b53e20_0, 0, 32;
    %jmp T_11.2;
T_11.3 ;
T_11.0 ;
    %ix/load 4, 0, 0;
    %flag_set/imm 4, 0;
    %load/vec4a v0x55dfc0b582c0, 4;
    %ix/load 4, 1, 0;
    %flag_set/imm 4, 0;
    %load/vec4a v0x55dfc0b582c0, 4;
    %and;
    %ix/load 4, 2, 0;
    %flag_set/imm 4, 0;
    %load/vec4a v0x55dfc0b582c0, 4;
    %and;
    %nor/r;
    %flag_set/vec4 8;
    %jmp/0xz  T_11.12, 8;
    %pushi/vec4 0, 0, 32;
    %store/vec4 v0x55dfc0b53f00_0, 0, 32;
T_11.14 ;
    %load/vec4 v0x55dfc0b53f00_0;
    %cmpi/s 3, 0, 32;
    %jmp/0xz T_11.15, 5;
    %vpi_call 6 210 "$display", "%d", v0x55dfc0b53f00_0 {0 0 0};
    %ix/getv/s 4, v0x55dfc0b53f00_0;
    %load/vec4a v0x55dfc0b56510, 4;
    %pad/u 32;
    %pushi/vec4 1, 0, 32;
    %cmp/e;
    %flag_get/vec4 4;
    %ix/getv/s 4, v0x55dfc0b53f00_0;
    %load/vec4a v0x55dfc0b565b0, 4;
    %pad/u 32;
    %pushi/vec4 1, 0, 32;
    %cmp/e;
    %flag_get/vec4 4;
    %and;
    %ix/getv/s 4, v0x55dfc0b53f00_0;
    %load/vec4a v0x55dfc0b562f0, 4;
    %pad/u 32;
    %pushi/vec4 0, 0, 32;
    %cmp/e;
    %flag_get/vec4 4;
    %and;
    %flag_set/vec4 8;
    %jmp/0xz  T_11.16, 8;
    %ix/load 4, 0, 0;
    %flag_set/imm 4, 0;
    %load/vec4a v0x55dfc0b582c0, 4;
    %pad/u 32;
    %cmpi/e 0, 0, 32;
    %jmp/0xz  T_11.18, 4;
    %ix/getv/s 4, v0x55dfc0b53f00_0;
    %load/vec4a v0x55dfc0b56010, 4;
    %ix/load 3, 0, 0;
    %flag_set/imm 4, 0;
    %ix/load 4, 0, 0; Constant delay
    %assign/vec4/a/d v0x55dfc0b583f0, 0, 4;
    %ix/getv/s 4, v0x55dfc0b53f00_0;
    %load/vec4a v0x55dfc0b560d0, 4;
    %ix/load 3, 0, 0;
    %flag_set/imm 4, 0;
    %ix/load 4, 0, 0; Constant delay
    %assign/vec4/a/d v0x55dfc0b58520, 0, 4;
    %ix/getv/s 4, v0x55dfc0b53f00_0;
    %load/vec4a v0x55dfc0b56390, 4;
    %ix/load 3, 0, 0;
    %flag_set/imm 4, 0;
    %ix/load 4, 0, 0; Constant delay
    %assign/vec4/a/d v0x55dfc0b58b90, 0, 4;
    %ix/getv/s 4, v0x55dfc0b53f00_0;
    %load/vec4a v0x55dfc0b56230, 4;
    %ix/load 3, 0, 0;
    %flag_set/imm 4, 0;
    %ix/load 4, 0, 0; Constant delay
    %assign/vec4/a/d v0x55dfc0b58a60, 0, 4;
    %pushi/vec4 1, 0, 1;
    %ix/getv/s 3, v0x55dfc0b53f00_0;
    %ix/load 4, 0, 0; Constant delay
    %assign/vec4/a/d v0x55dfc0b562f0, 0, 4;
    %pushi/vec4 1, 0, 1;
    %ix/load 3, 0, 0;
    %flag_set/imm 4, 0;
    %ix/load 4, 0, 0; Constant delay
    %assign/vec4/a/d v0x55dfc0b582c0, 0, 4;
    %pushi/vec4 7, 0, 32;
    %store/vec4 v0x55dfc0b53f00_0, 0, 32;
    %jmp T_11.19;
T_11.18 ;
    %ix/load 4, 1, 0;
    %flag_set/imm 4, 0;
    %load/vec4a v0x55dfc0b582c0, 4;
    %pad/u 32;
    %cmpi/e 0, 0, 32;
    %jmp/0xz  T_11.20, 4;
    %ix/getv/s 4, v0x55dfc0b53f00_0;
    %load/vec4a v0x55dfc0b56010, 4;
    %ix/load 3, 1, 0;
    %flag_set/imm 4, 0;
    %ix/load 4, 0, 0; Constant delay
    %assign/vec4/a/d v0x55dfc0b583f0, 0, 4;
    %ix/getv/s 4, v0x55dfc0b53f00_0;
    %load/vec4a v0x55dfc0b560d0, 4;
    %ix/load 3, 1, 0;
    %flag_set/imm 4, 0;
    %ix/load 4, 0, 0; Constant delay
    %assign/vec4/a/d v0x55dfc0b58520, 0, 4;
    %ix/getv/s 4, v0x55dfc0b53f00_0;
    %load/vec4a v0x55dfc0b56390, 4;
    %ix/load 3, 1, 0;
    %flag_set/imm 4, 0;
    %ix/load 4, 0, 0; Constant delay
    %assign/vec4/a/d v0x55dfc0b58b90, 0, 4;
    %ix/getv/s 4, v0x55dfc0b53f00_0;
    %load/vec4a v0x55dfc0b56230, 4;
    %ix/load 3, 1, 0;
    %flag_set/imm 4, 0;
    %ix/load 4, 0, 0; Constant delay
    %assign/vec4/a/d v0x55dfc0b58a60, 0, 4;
    %pushi/vec4 1, 0, 1;
    %ix/getv/s 3, v0x55dfc0b53f00_0;
    %ix/load 4, 0, 0; Constant delay
    %assign/vec4/a/d v0x55dfc0b562f0, 0, 4;
    %pushi/vec4 1, 0, 1;
    %ix/load 3, 1, 0;
    %flag_set/imm 4, 0;
    %ix/load 4, 0, 0; Constant delay
    %assign/vec4/a/d v0x55dfc0b582c0, 0, 4;
    %pushi/vec4 8, 0, 32;
    %store/vec4 v0x55dfc0b53f00_0, 0, 32;
    %jmp T_11.21;
T_11.20 ;
    %ix/load 4, 2, 0;
    %flag_set/imm 4, 0;
    %load/vec4a v0x55dfc0b582c0, 4;
    %pad/u 32;
    %cmpi/e 0, 0, 32;
    %jmp/0xz  T_11.22, 4;
    %ix/getv/s 4, v0x55dfc0b53f00_0;
    %load/vec4a v0x55dfc0b56010, 4;
    %ix/load 3, 2, 0;
    %flag_set/imm 4, 0;
    %ix/load 4, 0, 0; Constant delay
    %assign/vec4/a/d v0x55dfc0b583f0, 0, 4;
    %ix/getv/s 4, v0x55dfc0b53f00_0;
    %load/vec4a v0x55dfc0b560d0, 4;
    %ix/load 3, 2, 0;
    %flag_set/imm 4, 0;
    %ix/load 4, 0, 0; Constant delay
    %assign/vec4/a/d v0x55dfc0b58520, 0, 4;
    %ix/getv/s 4, v0x55dfc0b53f00_0;
    %load/vec4a v0x55dfc0b56390, 4;
    %ix/load 3, 2, 0;
    %flag_set/imm 4, 0;
    %ix/load 4, 0, 0; Constant delay
    %assign/vec4/a/d v0x55dfc0b58b90, 0, 4;
    %ix/getv/s 4, v0x55dfc0b53f00_0;
    %load/vec4a v0x55dfc0b56230, 4;
    %ix/load 3, 2, 0;
    %flag_set/imm 4, 0;
    %ix/load 4, 0, 0; Constant delay
    %assign/vec4/a/d v0x55dfc0b58a60, 0, 4;
    %pushi/vec4 1, 0, 1;
    %ix/getv/s 3, v0x55dfc0b53f00_0;
    %ix/load 4, 0, 0; Constant delay
    %assign/vec4/a/d v0x55dfc0b562f0, 0, 4;
    %pushi/vec4 1, 0, 1;
    %ix/load 3, 2, 0;
    %flag_set/imm 4, 0;
    %ix/load 4, 0, 0; Constant delay
    %assign/vec4/a/d v0x55dfc0b582c0, 0, 4;
    %pushi/vec4 9, 0, 32;
    %store/vec4 v0x55dfc0b53f00_0, 0, 32;
T_11.22 ;
T_11.21 ;
T_11.19 ;
T_11.16 ;
    %load/vec4 v0x55dfc0b53f00_0;
    %pushi/vec4 1, 0, 32;
    %add;
    %store/vec4 v0x55dfc0b53f00_0, 0, 32;
    %jmp T_11.14;
T_11.15 ;
T_11.12 ;
    %load/vec4 v0x55dfc0b57ee0_0;
    %nor/r;
    %flag_set/vec4 8;
    %jmp/0xz  T_11.24, 8;
    %pushi/vec4 0, 0, 32;
    %store/vec4 v0x55dfc0b53f00_0, 0, 32;
T_11.26 ;
    %load/vec4 v0x55dfc0b53f00_0;
    %cmpi/s 3, 0, 32;
    %jmp/0xz T_11.27, 5;
    %ix/getv/s 4, v0x55dfc0b53f00_0;
    %load/vec4a v0x55dfc0b55eb0, 4;
    %pad/u 32;
    %cmpi/e 1, 0, 32;
    %jmp/0xz  T_11.28, 4;
    %load/vec4 v0x55dfc0b57ee0_0;
    %pad/u 32;
    %cmpi/e 0, 0, 32;
    %jmp/0xz  T_11.30, 4;
    %ix/getv/s 4, v0x55dfc0b53f00_0;
    %load/vec4a v0x55dfc0b55960, 4;
    %assign/vec4 v0x55dfc0b57fb0_0, 0;
    %ix/getv/s 4, v0x55dfc0b53f00_0;
    %load/vec4a v0x55dfc0b55ce0, 4;
    %assign/vec4 v0x55dfc0b581f0_0, 0;
    %ix/getv/s 4, v0x55dfc0b53f00_0;
    %load/vec4a v0x55dfc0b55c20, 4;
    %assign/vec4 v0x55dfc0b58150_0, 0;
    %ix/getv/s 4, v0x55dfc0b53f00_0;
    %load/vec4a v0x55dfc0b55ac0, 4;
    %assign/vec4 v0x55dfc0b58080_0, 0;
    %pushi/vec4 1, 0, 1;
    %ix/getv/s 3, v0x55dfc0b53f00_0;
    %ix/load 4, 0, 0; Constant delay
    %assign/vec4/a/d v0x55dfc0b55b80, 0, 4;
    %pushi/vec4 7, 0, 32;
    %store/vec4 v0x55dfc0b53f00_0, 0, 32;
    %pushi/vec4 1, 0, 1;
    %assign/vec4 v0x55dfc0b57ee0_0, 0;
T_11.30 ;
T_11.28 ;
    %load/vec4 v0x55dfc0b53f00_0;
    %pushi/vec4 1, 0, 32;
    %add;
    %store/vec4 v0x55dfc0b53f00_0, 0, 32;
    %jmp T_11.26;
T_11.27 ;
T_11.24 ;
    %jmp T_11;
    .thread T_11;
    .scope S_0x55dfc0a44ff0;
T_12 ;
    %wait E_0x55dfc0b39090;
    %pushi/vec4 0, 0, 1;
    %store/vec4 v0x55dfc0b58cc0_0, 0, 1;
    %load/vec4 v0x55dfc0b59db0_0;
    %pad/u 32;
    %load/vec4 v0x55dfc0b58f30_0;
    %pad/u 32;
    %sub;
    %cmpi/u 7, 0, 32;
    %jmp/0xz  T_12.0, 5;
    %load/vec4 v0x55dfc0b549e0_0;
    %pushi/vec4 51, 0, 7;
    %cmp/e;
    %flag_get/vec4 4;
    %load/vec4 v0x55dfc0b56a10_0;
    %cmpi/s 4, 0, 32;
    %flag_get/vec4 5;
    %and;
    %flag_set/vec4 8;
    %jmp/0xz  T_12.2, 8;
    %pushi/vec4 1, 0, 1;
    %store/vec4 v0x55dfc0b58cc0_0, 0, 1;
    %jmp T_12.3;
T_12.2 ;
    %load/vec4 v0x55dfc0b549e0_0;
    %pushi/vec4 99, 0, 7;
    %cmp/e;
    %flag_get/vec4 4;
    %load/vec4 v0x55dfc0b593f0_0;
    %cmpi/s 4, 0, 32;
    %flag_get/vec4 5;
    %and;
    %flag_set/vec4 8;
    %jmp/0xz  T_12.4, 8;
    %pushi/vec4 1, 0, 1;
    %store/vec4 v0x55dfc0b58cc0_0, 0, 1;
    %jmp T_12.5;
T_12.4 ;
    %load/vec4 v0x55dfc0b549e0_0;
    %pushi/vec4 3, 0, 7;
    %cmp/e;
    %flag_get/vec4 4;
    %load/vec4 v0x55dfc0b59140_0;
    %cmpi/s 4, 0, 32;
    %flag_get/vec4 5;
    %and;
    %flag_set/vec4 8;
    %jmp/0xz  T_12.6, 8;
    %pushi/vec4 1, 0, 1;
    %store/vec4 v0x55dfc0b58cc0_0, 0, 1;
T_12.6 ;
T_12.5 ;
T_12.3 ;
T_12.0 ;
    %load/vec4 v0x55dfc0b58cc0_0;
    %pad/u 32;
    %cmpi/e 1, 0, 32;
    %jmp/0xz  T_12.8, 4;
    %load/vec4 v0x55dfc0b549e0_0;
    %load/vec4 v0x55dfc0b59db0_0;
    %pad/u 5;
    %ix/vec4 4;
    %store/vec4a v0x55dfc0b56950, 4, 0;
    %load/vec4 v0x55dfc0b544e0_0;
    %load/vec4 v0x55dfc0b59db0_0;
    %pad/u 5;
    %ix/vec4 4;
    %store/vec4a v0x55dfc0b56890, 4, 0;
    %pushi/vec4 1, 0, 1;
    %load/vec4 v0x55dfc0b544e0_0;
    %pad/u 7;
    %ix/vec4 4;
    %store/vec4a v0x55dfc0b59d10, 4, 0;
    %load/vec4 v0x55dfc0b59db0_0;
    %load/vec4 v0x55dfc0b544e0_0;
    %pad/u 7;
    %ix/vec4 4;
    %store/vec4a v0x55dfc0b59b10, 4, 0;
    %load/vec4 v0x55dfc0b59db0_0;
    %store/vec4 v0x55dfc0b57680_0, 0, 3;
    %pushi/vec4 1, 0, 1;
    %load/vec4 v0x55dfc0b57680_0;
    %pad/u 5;
    %ix/vec4 4;
    %store/vec4a v0x55dfc0b59bd0, 4, 0;
    %load/vec4 v0x55dfc0b59db0_0;
    %pushi/vec4 1, 0, 3;
    %add;
    %store/vec4 v0x55dfc0b59db0_0, 0, 3;
    %load/vec4 v0x55dfc0b549e0_0;
    %cmpi/e 51, 0, 7;
    %jmp/0xz  T_12.10, 4;
    %load/vec4 v0x55dfc0b56a10_0;
    %pushi/vec4 1, 0, 32;
    %add;
    %store/vec4 v0x55dfc0b56a10_0, 0, 32;
T_12.10 ;
    %load/vec4 v0x55dfc0b549e0_0;
    %cmpi/e 99, 0, 7;
    %jmp/0xz  T_12.12, 4;
    %load/vec4 v0x55dfc0b593f0_0;
    %pushi/vec4 1, 0, 32;
    %add;
    %store/vec4 v0x55dfc0b593f0_0, 0, 32;
T_12.12 ;
    %load/vec4 v0x55dfc0b549e0_0;
    %cmpi/e 3, 0, 7;
    %jmp/0xz  T_12.14, 4;
    %load/vec4 v0x55dfc0b59140_0;
    %pushi/vec4 1, 0, 32;
    %add;
    %store/vec4 v0x55dfc0b59140_0, 0, 32;
T_12.14 ;
T_12.8 ;
    %load/vec4 v0x55dfc0b54580_0;
    %assign/vec4 v0x55dfc0b57750_0, 0;
    %load/vec4 v0x55dfc0b54660_0;
    %assign/vec4 v0x55dfc0b57820_0, 0;
    %load/vec4 v0x55dfc0b544e0_0;
    %assign/vec4 v0x55dfc0b575b0_0, 0;
    %load/vec4 v0x55dfc0b549e0_0;
    %assign/vec4 v0x55dfc0b574e0_0, 0;
    %load/vec4 v0x55dfc0b54820_0;
    %assign/vec4 v0x55dfc0b57340_0, 0;
    %load/vec4 v0x55dfc0b54740_0;
    %assign/vec4 v0x55dfc0b57270_0, 0;
    %load/vec4 v0x55dfc0b54900_0;
    %assign/vec4 v0x55dfc0b57410_0, 0;
    %delay 2, 0;
    %vpi_call 5 67 "$display", "\012Issue stage :" {0 0 0};
    %vpi_call 5 68 "$display", "values of func7 = %b,values of func3 = %b,values of rs1 = %b,values of rs2 = %b,values of rd = %b,value of opcode= %b, value of lw offset=%b\012\012", v0x55dfc0b57340_0, v0x55dfc0b57270_0, v0x55dfc0b57750_0, v0x55dfc0b57820_0, v0x55dfc0b575b0_0, v0x55dfc0b574e0_0, v0x55dfc0b57410_0 {0 0 0};
    %vpi_call 5 69 "$display", "\012 add rs: %d,mul rs: %d,load rs: %d", v0x55dfc0b56a10_0, v0x55dfc0b593f0_0, v0x55dfc0b59140_0 {0 0 0};
    %vpi_call 5 70 "$display", "\012 flagd :%b", v0x55dfc0b58cc0_0 {0 0 0};
    %jmp T_12;
    .thread T_12;
    .scope S_0x55dfc0a3b480;
T_13 ;
    %wait E_0x55dfc0a334b0;
    %pushi/vec4 0, 0, 32;
    %store/vec4 v0x55dfc0b56f90_0, 0, 32;
    %pushi/vec4 0, 0, 32;
    %store/vec4 v0x55dfc0b58fd0_0, 0, 32;
T_13.0 ;
    %load/vec4 v0x55dfc0b58fd0_0;
    %cmpi/s 8, 0, 32;
    %jmp/0xz T_13.1, 5;
    %load/vec4 v0x55dfc0b56f90_0;
    %ix/getv/s 4, v0x55dfc0b58fd0_0;
    %load/vec4a v0x55dfc0b59bd0, 4;
    %pad/u 32;
    %add;
    %store/vec4 v0x55dfc0b56f90_0, 0, 32;
    %load/vec4 v0x55dfc0b58fd0_0;
    %pushi/vec4 1, 0, 32;
    %add;
    %store/vec4 v0x55dfc0b58fd0_0, 0, 32;
    %jmp T_13.0;
T_13.1 ;
    %jmp T_13;
    .thread T_13, $push;
    .scope S_0x55dfc0a3b480;
T_14 ;
    %pushi/vec4 0, 0, 7;
    %store/vec4 v0x55dfc0b598a0_0, 0, 7;
    %load/vec4 v0x55dfc0b598a0_0;
    %store/vec4 v0x55dfc0b59980_0, 0, 7;
    %end;
    .thread T_14;
    .scope S_0x55dfc0a3b480;
T_15 ;
    %wait E_0x55dfc0a33600;
    %load/vec4 v0x55dfc0b56f90_0;
    %cmpi/s 8, 0, 32;
    %jmp/0xz  T_15.0, 5;
    %load/vec4 v0x55dfc0b59980_0;
    %addi 1, 0, 7;
    %store/vec4 v0x55dfc0b59980_0, 0, 7;
    %jmp T_15.1;
T_15.0 ;
    %load/vec4 v0x55dfc0b59980_0;
    %store/vec4 v0x55dfc0b59980_0, 0, 7;
T_15.1 ;
    %jmp T_15;
    .thread T_15;
    .scope S_0x55dfc0a3b480;
T_16 ;
    %wait E_0x55dfc0a334b0;
    %vpi_call 4 191 "$display", "\012In fetch stage:" {0 0 0};
    %load/vec4 v0x55dfc0b59070_0;
    %parti/s 7, 25, 6;
    %store/vec4 v0x55dfc0b58e60_0, 0, 7;
    %load/vec4 v0x55dfc0b59070_0;
    %parti/s 5, 15, 5;
    %store/vec4 v0x55dfc0b57130_0, 0, 5;
    %load/vec4 v0x55dfc0b59070_0;
    %parti/s 5, 20, 6;
    %store/vec4 v0x55dfc0b571d0_0, 0, 5;
    %load/vec4 v0x55dfc0b59070_0;
    %parti/s 3, 12, 5;
    %store/vec4 v0x55dfc0b58d90_0, 0, 3;
    %load/vec4 v0x55dfc0b59070_0;
    %parti/s 5, 7, 4;
    %store/vec4 v0x55dfc0b57070_0, 0, 5;
    %load/vec4 v0x55dfc0b59070_0;
    %parti/s 7, 0, 2;
    %store/vec4 v0x55dfc0b596f0_0, 0, 7;
    %load/vec4 v0x55dfc0b59070_0;
    %parti/s 12, 20, 6;
    %store/vec4 v0x55dfc0b59280_0, 0, 12;
    %vpi_call 4 200 "$display", "%b", v0x55dfc0b59070_0 {0 0 0};
    %vpi_call 4 201 "$display", "\012 Decoded Values:" {0 0 0};
    %vpi_call 4 202 "$display", "values of pc = %b,values of func7 =%b,values of func3 = %b,values of rs1 = %b,values of rs2 = %b,values of rd = %b,value of opcode= %b, value of lw offset=%b\012\012", v0x55dfc0b597e0_0, v0x55dfc0b58e60_0, v0x55dfc0b58d90_0, v0x55dfc0b57130_0, v0x55dfc0b571d0_0, v0x55dfc0b57070_0, v0x55dfc0b596f0_0, v0x55dfc0b59280_0 {0 0 0};
    %jmp T_16;
    .thread T_16, $push;
    .scope S_0x55dfc0a3b480;
T_17 ;
    %wait E_0x55dfc0a32da0;
    %fork TD_tomasulo_tb.tomas.WB, S_0x55dfc0a3b600;
    %join;
    %jmp T_17;
    .thread T_17;
    .scope S_0x55dfc0a2d4a0;
T_18 ;
    %vpi_call 3 16 "$dumpfile", "vcd.vcd" {0 0 0};
    %vpi_call 3 17 "$dumpvars", 32'sb00000000000000000000000000000000, S_0x55dfc0a2d4a0 {0 0 0};
    %pushi/vec4 0, 0, 1;
    %store/vec4 v0x55dfc0b59f10_0, 0, 1;
    %pushi/vec4 0, 0, 1;
    %store/vec4 v0x55dfc0b59fb0_0, 0, 1;
    %pushi/vec4 0, 0, 7;
    %store/vec4 v0x55dfc0b5a300_0, 0, 7;
    %pushi/vec4 1, 0, 32;
    %store/vec4 v0x55dfc0b5a070_0, 0, 32;
    %pushi/vec4 20, 0, 32;
T_18.0 %dup/vec4;
    %pushi/vec4 0, 0, 32;
    %cmp/s;
    %jmp/1xz T_18.1, 5;
    %jmp/1 T_18.1, 4;
    %pushi/vec4 1, 0, 32;
    %sub;
    %vpi_call 3 22 "$display", "\012\012CLOCK CYCLE : %d", v0x55dfc0b5a070_0 {0 0 0};
    %pushi/vec4 1, 0, 32;
    %store/vec4 v0x55dfc0b5a220_0, 0, 32;
T_18.2 ;
    %load/vec4 v0x55dfc0b5a220_0;
    %cmpi/s 11, 0, 32;
    %jmp/0xz T_18.3, 5;
    %vpi_call 3 25 "$display", "\012 arf[%d]=%d", v0x55dfc0b5a220_0, &A<v0x55dfc0b56d90, v0x55dfc0b5a220_0 > {0 0 0};
    %load/vec4 v0x55dfc0b5a220_0;
    %pushi/vec4 1, 0, 32;
    %add;
    %store/vec4 v0x55dfc0b5a220_0, 0, 32;
    %jmp T_18.2;
T_18.3 ;
    %pushi/vec4 0, 0, 32;
    %store/vec4 v0x55dfc0b5a220_0, 0, 32;
T_18.4 ;
    %load/vec4 v0x55dfc0b5a220_0;
    %cmpi/s 8, 0, 32;
    %jmp/0xz T_18.5, 5;
    %vpi_call 3 29 "$display", "\012 robdata[%d]=%d", v0x55dfc0b5a220_0, &A<v0x55dfc0b567d0, v0x55dfc0b5a220_0 > {0 0 0};
    %load/vec4 v0x55dfc0b5a220_0;
    %pushi/vec4 1, 0, 32;
    %add;
    %store/vec4 v0x55dfc0b5a220_0, 0, 32;
    %jmp T_18.4;
T_18.5 ;
    %delay 10, 0;
    %pushi/vec4 1, 0, 1;
    %store/vec4 v0x55dfc0b59f10_0, 0, 1;
    %delay 10, 0;
    %pushi/vec4 0, 0, 1;
    %store/vec4 v0x55dfc0b59f10_0, 0, 1;
    %delay 10, 0;
    %pushi/vec4 1, 0, 1;
    %store/vec4 v0x55dfc0b59fb0_0, 0, 1;
    %delay 10, 0;
    %pushi/vec4 0, 0, 1;
    %store/vec4 v0x55dfc0b59fb0_0, 0, 1;
    %load/vec4 v0x55dfc0b5a070_0;
    %pushi/vec4 1, 0, 32;
    %add;
    %store/vec4 v0x55dfc0b5a070_0, 0, 32;
    %jmp T_18.0;
T_18.1 ;
    %pop/vec4 1;
    %end;
    .thread T_18;
    .scope S_0x55dfc0a2d4a0;
T_19 ;
    %pushi/vec4 0, 0, 32;
    %store/vec4 v0x55dfc0b5a140_0, 0, 32;
T_19.0 ;
    %load/vec4 v0x55dfc0b5a140_0;
    %cmpi/s 8, 0, 32;
    %jmp/0xz T_19.1, 5;
    %pushi/vec4 0, 0, 1;
    %ix/getv/s 4, v0x55dfc0b5a140_0;
    %store/vec4a v0x55dfc0b59bd0, 4, 0;
    %load/vec4 v0x55dfc0b5a140_0;
    %pushi/vec4 1, 0, 32;
    %add;
    %store/vec4 v0x55dfc0b5a140_0, 0, 32;
    %jmp T_19.0;
T_19.1 ;
    %pushi/vec4 0, 0, 32;
    %store/vec4 v0x55dfc0b5a140_0, 0, 32;
T_19.2 ;
    %load/vec4 v0x55dfc0b5a140_0;
    %cmpi/s 3, 0, 32;
    %jmp/0xz T_19.3, 5;
    %pushi/vec4 0, 0, 1;
    %ix/getv/s 4, v0x55dfc0b5a140_0;
    %store/vec4a v0x55dfc0b552f0, 4, 0;
    %pushi/vec4 0, 0, 1;
    %ix/getv/s 4, v0x55dfc0b5a140_0;
    %store/vec4a v0x55dfc0b55430, 4, 0;
    %pushi/vec4 0, 0, 1;
    %ix/getv/s 4, v0x55dfc0b5a140_0;
    %store/vec4a v0x55dfc0b56190, 4, 0;
    %pushi/vec4 0, 0, 1;
    %ix/getv/s 4, v0x55dfc0b5a140_0;
    %store/vec4a v0x55dfc0b562f0, 4, 0;
    %pushi/vec4 0, 0, 1;
    %ix/getv/s 4, v0x55dfc0b5a140_0;
    %store/vec4a v0x55dfc0b55a20, 4, 0;
    %pushi/vec4 0, 0, 1;
    %ix/getv/s 4, v0x55dfc0b5a140_0;
    %store/vec4a v0x55dfc0b55b80, 4, 0;
    %pushi/vec4 0, 0, 1;
    %ix/getv/s 4, v0x55dfc0b5a140_0;
    %store/vec4a v0x55dfc0b578f0, 4, 0;
    %pushi/vec4 0, 0, 32;
    %ix/getv/s 4, v0x55dfc0b5a140_0;
    %store/vec4a v0x55dfc0b57a20, 4, 0;
    %pushi/vec4 0, 0, 32;
    %ix/getv/s 4, v0x55dfc0b5a140_0;
    %store/vec4a v0x55dfc0b57b50, 4, 0;
    %pushi/vec4 0, 0, 7;
    %ix/getv/s 4, v0x55dfc0b5a140_0;
    %store/vec4a v0x55dfc0b57db0, 4, 0;
    %pushi/vec4 0, 0, 3;
    %ix/getv/s 4, v0x55dfc0b5a140_0;
    %store/vec4a v0x55dfc0b57c80, 4, 0;
    %pushi/vec4 0, 0, 1;
    %ix/getv/s 4, v0x55dfc0b5a140_0;
    %store/vec4a v0x55dfc0b582c0, 4, 0;
    %pushi/vec4 0, 0, 32;
    %ix/getv/s 4, v0x55dfc0b5a140_0;
    %store/vec4a v0x55dfc0b583f0, 4, 0;
    %pushi/vec4 0, 0, 32;
    %ix/getv/s 4, v0x55dfc0b5a140_0;
    %store/vec4a v0x55dfc0b58520, 4, 0;
    %pushi/vec4 0, 0, 3;
    %ix/getv/s 4, v0x55dfc0b5a140_0;
    %store/vec4a v0x55dfc0b58b90, 4, 0;
    %pushi/vec4 0, 0, 3;
    %ix/getv/s 4, v0x55dfc0b5a140_0;
    %store/vec4a v0x55dfc0b58a60, 4, 0;
    %pushi/vec4 0, 0, 1;
    %store/vec4 v0x55dfc0b57ee0_0, 0, 1;
    %pushi/vec4 0, 0, 32;
    %store/vec4 v0x55dfc0b57fb0_0, 0, 32;
    %pushi/vec4 0, 0, 12;
    %store/vec4 v0x55dfc0b581f0_0, 0, 12;
    %pushi/vec4 0, 0, 3;
    %store/vec4 v0x55dfc0b58080_0, 0, 3;
    %pushi/vec4 0, 0, 7;
    %ix/getv/s 4, v0x55dfc0b5a140_0;
    %store/vec4a v0x55dfc0b56450, 4, 0;
    %pushi/vec4 0, 0, 3;
    %ix/getv/s 4, v0x55dfc0b5a140_0;
    %store/vec4a v0x55dfc0b56390, 4, 0;
    %load/vec4 v0x55dfc0b5a140_0;
    %pushi/vec4 1, 0, 32;
    %add;
    %store/vec4 v0x55dfc0b5a140_0, 0, 32;
    %jmp T_19.2;
T_19.3 ;
    %pushi/vec4 0, 0, 32;
    %ix/load 4, 0, 0;
    %flag_set/imm 4, 0;
    %store/vec4a v0x55dfc0b56d90, 4, 0;
    %pushi/vec4 12, 0, 32;
    %ix/load 4, 1, 0;
    %flag_set/imm 4, 0;
    %store/vec4a v0x55dfc0b56d90, 4, 0;
    %pushi/vec4 16, 0, 32;
    %ix/load 4, 2, 0;
    %flag_set/imm 4, 0;
    %store/vec4a v0x55dfc0b56d90, 4, 0;
    %pushi/vec4 45, 0, 32;
    %ix/load 4, 3, 0;
    %flag_set/imm 4, 0;
    %store/vec4a v0x55dfc0b56d90, 4, 0;
    %pushi/vec4 5, 0, 32;
    %ix/load 4, 4, 0;
    %flag_set/imm 4, 0;
    %store/vec4a v0x55dfc0b56d90, 4, 0;
    %pushi/vec4 3, 0, 32;
    %ix/load 4, 5, 0;
    %flag_set/imm 4, 0;
    %store/vec4a v0x55dfc0b56d90, 4, 0;
    %pushi/vec4 4, 0, 32;
    %ix/load 4, 6, 0;
    %flag_set/imm 4, 0;
    %store/vec4a v0x55dfc0b56d90, 4, 0;
    %pushi/vec4 1, 0, 32;
    %ix/load 4, 7, 0;
    %flag_set/imm 4, 0;
    %store/vec4a v0x55dfc0b56d90, 4, 0;
    %pushi/vec4 2, 0, 32;
    %ix/load 4, 8, 0;
    %flag_set/imm 4, 0;
    %store/vec4a v0x55dfc0b56d90, 4, 0;
    %pushi/vec4 2, 0, 32;
    %ix/load 4, 9, 0;
    %flag_set/imm 4, 0;
    %store/vec4a v0x55dfc0b56d90, 4, 0;
    %pushi/vec4 3, 0, 32;
    %ix/load 4, 10, 0;
    %flag_set/imm 4, 0;
    %store/vec4a v0x55dfc0b56d90, 4, 0;
    %pushi/vec4 0, 0, 32;
    %store/vec4 v0x55dfc0b56af0_0, 0, 32;
    %pushi/vec4 0, 0, 32;
    %store/vec4 v0x55dfc0b56bd0_0, 0, 32;
    %pushi/vec4 0, 0, 32;
    %store/vec4 v0x55dfc0b56cb0_0, 0, 32;
    %pushi/vec4 0, 0, 32;
    %store/vec4 v0x55dfc0b59490_0, 0, 32;
    %pushi/vec4 0, 0, 32;
    %store/vec4 v0x55dfc0b59530_0, 0, 32;
    %pushi/vec4 0, 0, 32;
    %store/vec4 v0x55dfc0b59610_0, 0, 32;
    %pushi/vec4 0, 0, 32;
    %store/vec4 v0x55dfc0b591e0_0, 0, 32;
    %pushi/vec4 0, 0, 3;
    %store/vec4 v0x55dfc0b57680_0, 0, 3;
    %pushi/vec4 0, 0, 3;
    %store/vec4 v0x55dfc0b59db0_0, 0, 3;
    %pushi/vec4 0, 0, 3;
    %store/vec4 v0x55dfc0b58f30_0, 0, 3;
    %pushi/vec4 0, 0, 32;
    %store/vec4 v0x55dfc0b56a10_0, 0, 32;
    %pushi/vec4 0, 0, 32;
    %store/vec4 v0x55dfc0b593f0_0, 0, 32;
    %pushi/vec4 0, 0, 32;
    %store/vec4 v0x55dfc0b59140_0, 0, 32;
    %pushi/vec4 0, 0, 7;
    %store/vec4 v0x55dfc0b59980_0, 0, 7;
    %pushi/vec4 0, 0, 1;
    %store/vec4 v0x55dfc0b59a70_0, 0, 1;
    %end;
    .thread T_19;
    .scope S_0x55dfc0a2d4a0;
T_20 ;
    %wait E_0x55dfc0a33600;
    %load/vec4 v0x55dfc0b5a300_0;
    %pushi/vec4 0, 0, 7;
    %add;
    %store/vec4 v0x55dfc0b5a300_0, 0, 7;
    %jmp T_20;
    .thread T_20;
# The file index is used to find the file name in the following table.
:file_names 15;
    "N/A";
    "<interactive>";
    "memory.v";
    "tomas_tb.v";
    "main.v";
    "dispatch.v";
    "reservation.v";
    "adder1.v";
    "adder2.v";
    "adder3.v";
    "loader1.v";
    "multer1.v";
    "multer2.v";
    "multer3.v";
    "ins.v";
